#
# A fatal error has been detected by the Java Runtime Environment:
#
#  Internal Error (jvmciRuntime.cpp:1609), pid=27, tid=41
#  fatal error: Fatal exception in JVMCI: Error calling jdk.vm.ci.services.Services.serializeSavedProperties
#
# JRE version: OpenJDK Runtime Environment GraalVM CE 22.3.0 (17.0.5+8) (build 17.0.5+8-jvmci-22.3-b08)
# Java VM: OpenJDK 64-Bit Server VM GraalVM CE 22.3.0 (17.0.5+8-jvmci-22.3-b08, mixed mode, sharing, tiered, jvmci, jvmci compiler, compressed oops, compressed class ptrs, parallel gc, linux-amd64)
# Problematic frame:
# V  [libjvm.so+0x972714]  JVMCIRuntime::fatal_exception(JVMCIEnv*, char const*)+0x74
#
# Core dump will be written. Default location: Core dumps may be processed with "/usr/share/apport/apport -p%p -s%s -c%c -d%d -P%P -u%u -g%g -- %E" (or dumping to /home/runner/Execicio08/core.27)
#
# If you would like to submit a bug report, please visit:
#   https://github.com/oracle/graal/issues
#

---------------  S U M M A R Y ------------

Command Line: -XX:ThreadPriorityPolicy=1 -XX:+UnlockExperimentalVMOptions -XX:+EnableJVMCIProduct -XX:JVMCIThreadsPerNativeLibraryRuntime=1 -XX:-UnlockExperimentalVMOptions -Declipse.application=org.eclipse.jdt.ls.core.id1 -Dosgi.bundles.defaultStartLevel=4 -Declipse.product=org.eclipse.jdt.ls.core.product -Dlog.level=ALL -Xverify:none -XX:+UseParallelGC -XX:GCTimeRatio=4 -XX:AdaptiveSizePolicyWeight=90 -Dsun.zip.disableMemoryMapping=true -Xmx512m -Xms100m /nix/store/m6gcpi1ii6rghy04cjwjddcavv7i90df-jdt-language-server-1.9.0/share/java/plugins/org.eclipse.equinox.launcher_1.6.400.v20210924-0641.jar --add-modules=ALL-SYSTEM --add-opens java.base/java.util=ALL-UNNAMED --add-opens java.base/java.lang=ALL-UNNAMED -configuration /home/runner/.cache/jdt-language-server/config -data /home/runner/.cache/jdt-language-server/data/home/runner/Execicio08

Host: AMD EPYC 7B12, 8 cores, 1G, Ubuntu 20.04.2 LTS
Time: Fri Apr 14 22:23:33 2023 UTC elapsed time: 845.954345 seconds (0d 0h 14m 5s)

---------------  T H R E A D  ---------------

Current thread (0x00007f958c0b21d0):  JavaThread "JVMCI-native CompilerThread0" daemon [_thread_in_vm, id=41, stack(0x00007f9572700000,0x00007f9572900000)]


Current CompileTask:
JVMCI-native: 845955 8662       4       java.lang.Thread::interrupted (23 bytes)

Stack: [0x00007f9572700000,0x00007f9572900000],  sp=0x00007f95728fe380,  free space=2040k
Native frames: (J=compiled Java code, j=interpreted, Vv=VM code, C=native code)
V  [libjvm.so+0x972714]  JVMCIRuntime::fatal_exception(JVMCIEnv*, char const*)+0x74
V  [libjvm.so+0x93e2fe]  JVMCIEnv::copy_saved_properties()+0x14e
V  [libjvm.so+0x9732a9]  JVMCIRuntime::initialize(JVMCIEnv*)+0xb19
V  [libjvm.so+0x9738a2]  JVMCIRuntime::get_HotSpotJVMCIRuntime(JVMCIEnv*)+0x12
V  [libjvm.so+0x9749f2]  JVMCIRuntime::compile_method(JVMCIEnv*, JVMCICompiler*, methodHandle const&, int)+0xd2
V  [libjvm.so+0x5b0d20]  CompileBroker::invoke_compiler_on_method(CompileTask*)+0x1470
V  [libjvm.so+0x5b12e8]  CompileBroker::compiler_thread_loop()+0x528
V  [libjvm.so+0xd82460]  JavaThread::thread_main_inner()+0xd0
V  [libjvm.so+0xd85a40]  Thread::call_run()+0xc0
V  [libjvm.so+0xbdb1e1]  thread_native_entry(Thread*)+0xe1

Register to memory mapping:

RAX=0x00007f959247c000 points into unknown readable memory: 0x0000000000000058 | 58 00 00 00 00 00 00 00
RBX=0x00007f9593577398: <offset 0x0000000000ef5398> in /nix/store/gpxl5qgg8kicmcvivwmybwjlpf7wh20l-graalvm17-ce-22.3.0/lib/server/libjvm.so at 0x00007f9592682000
RCX=0x00007f959352f1e8: <offset 0x0000000000ead1e8> in /nix/store/gpxl5qgg8kicmcvivwmybwjlpf7wh20l-graalvm17-ce-22.3.0/lib/server/libjvm.so at 0x00007f9592682000
RDX=0x0000000000000649 is an unknown value
RSP=0x00007f95728fe380 is pointing into the stack for thread: 0x00007f958c0b21d0
RBP=0x00007f95728fe3a0 is pointing into the stack for thread: 0x00007f958c0b21d0
RSI=0x00007f9593577c48: <offset 0x0000000000ef5c48> in /nix/store/gpxl5qgg8kicmcvivwmybwjlpf7wh20l-graalvm17-ce-22.3.0/lib/server/libjvm.so at 0x00007f9592682000
RDI=0x00000000e0000000 is an oop: java.lang.String 
{0x00000000e0000000} - klass: 'java/lang/String'
 - string: "resolution"
R8 =0x00007f9593577398: <offset 0x0000000000ef5398> in /nix/store/gpxl5qgg8kicmcvivwmybwjlpf7wh20l-graalvm17-ce-22.3.0/lib/server/libjvm.so at 0x00007f9592682000
R9 =0x0000000000000003 is an unknown value
R10=0x00007f95938c8da0: <offset 0x0000000001246da0> in /nix/store/gpxl5qgg8kicmcvivwmybwjlpf7wh20l-graalvm17-ce-22.3.0/lib/server/libjvm.so at 0x00007f9592682000
R11=0x000000080044f048 is pointing into metadata
R12=0x0 is NULL
R13=0x00007f958c0b21d0 is a thread
R14=0x00007f958c000b80 points into unknown readable memory: 0x00007f95937a8a38 | 38 8a 7a 93 95 7f 00 00
R15=0x00007f95938b6e40: <offset 0x0000000001234e40> in /nix/store/gpxl5qgg8kicmcvivwmybwjlpf7wh20l-graalvm17-ce-22.3.0/lib/server/libjvm.so at 0x00007f9592682000


Registers:
RAX=0x00007f959247c000, RBX=0x00007f9593577398, RCX=0x00007f959352f1e8, RDX=0x0000000000000649
RSP=0x00007f95728fe380, RBP=0x00007f95728fe3a0, RSI=0x00007f9593577c48, RDI=0x00000000e0000000
R8 =0x00007f9593577398, R9 =0x0000000000000003, R10=0x00007f95938c8da0, R11=0x000000080044f048
R12=0x0000000000000000, R13=0x00007f958c0b21d0, R14=0x00007f958c000b80, R15=0x00007f95938b6e40
RIP=0x00007f9592ff4714, EFLAGS=0x0000000000010206, CSGSFS=0x002b000000000033, ERR=0x0000000000000006
  TRAPNO=0x000000000000000e

Top of Stack: (sp=0x00007f95728fe380)
0x00007f95728fe380:   00007f95728fe940 00007f958c0b21d0
0x00007f95728fe390:   00007f9590e0d8c8 0000000800c417a0
0x00007f95728fe3a0:   00007f95728fe500 00007f9592fc02fe
0x00007f95728fe3b0:   00007f95728fe3e0 00007f95728fe440 

Instructions: (pc=0x00007f9592ff4714)
0x00007f9592ff4614:   30 e8 f6 cf e8 ff 4c 89 e7 e8 2e 48 d1 ff 84 db
0x00007f9592ff4624:   75 2a 4d 85 ed 74 04 4d 8b 6d 00 48 83 c4 08 44
0x00007f9592ff4634:   89 f9 4c 89 f2 4c 89 ee 5b 4c 89 e7 41 5c 41 5d
0x00007f9592ff4644:   41 5e 41 5f 5d e9 e2 47 d1 ff 66 90 48 83 c4 08
0x00007f9592ff4654:   5b 41 5c 41 5d 41 5e 41 5f 5d c3 90 31 d2 be 08
0x00007f9592ff4664:   00 00 00 4c 89 ff e8 b1 78 a3 ff 49 89 c5 e9 37
0x00007f9592ff4674:   ff ff ff 66 0f 1f 84 00 00 00 00 00 48 8b 7a 08
0x00007f9592ff4684:   e9 6d ff ff ff 0f 1f 80 00 00 00 00 e8 5b 48 0a
0x00007f9592ff4694:   00 84 c0 75 89 e9 6a ff ff ff 66 90 55 48 89 e5
0x00007f9592ff46a4:   41 56 41 55 41 54 49 89 fc 53 48 89 f3 66 48 8d
0x00007f9592ff46b4:   3d 27 5e 85 00 66 66 48 e8 df 43 8d ff 4c 8b 28
0x00007f9592ff46c4:   8b 05 be 72 8a 00 85 c0 75 14 ba 01 00 00 00 48
0x00007f9592ff46d4:   8d 0d ae 72 8a 00 f0 0f b1 11 85 c0 74 4e be c8
0x00007f9592ff46e4:   00 00 00 4c 89 ef e8 01 0b 41 00 48 8d 05 12 ac
0x00007f9592ff46f4:   85 00 49 89 d8 48 8d 0d e8 aa 53 00 ba 49 06 00
0x00007f9592ff4704:   00 48 8d 35 3c 35 58 00 bf 00 00 00 e0 48 8b 00
0x00007f9592ff4714:   c6 00 58 31 c0 e8 e2 91 c6 ff 5b 41 5c 41 5d 41
0x00007f9592ff4724:   5e 5d e9 55 34 26 00 0f 1f 44 00 00 48 8d 05 81
0x00007f9592ff4734:   a3 8b 00 48 89 df 4c 8b 30 e8 9e 43 8d ff 48 89
0x00007f9592ff4744:   de 48 89 c2 49 8b 06 4c 89 f7 ff 50 08 4c 89 f7
0x00007f9592ff4754:   e8 a7 5c 27 00 4d 85 e4 74 12 be 01 00 00 00 4c
0x00007f9592ff4764:   89 e7 e8 35 43 fc ff eb 82 0f 1f 00 be 01 00 00
0x00007f9592ff4774:   00 4c 89 ef e8 d3 fd ff ff e9 6d ff ff ff 66 66
0x00007f9592ff4784:   2e 0f 1f 84 00 00 00 00 00 0f 1f 00 55 48 89 e5
0x00007f9592ff4794:   41 57 41 56 41 55 41 54 53 48 81 ec 08 02 00 00
0x00007f9592ff47a4:   64 48 8b 04 25 28 00 00 00 48 89 45 c8 8b 07 83
0x00007f9592ff47b4:   f8 02 0f 84 11 04 00 00 4c 8b 6f 18 49 89 ff 49
0x00007f9592ff47c4:   89 f4 4d 85 ed 74 14 4c 89 ef e8 5d 57 22 00 41
0x00007f9592ff47d4:   8b 07 83 f8 02 0f 84 19 04 00 00 48 8d 1d 9a 06
0x00007f9592ff47e4:   8a 00 4c 8d 35 0b 3c 58 00 eb 38 90 48 85 d2 7f
0x00007f9592ff47f4:   0d 48 8d 05 b4 c0 85 00 48 83 38 00 7e 0e 41 8b
0x00007f9592ff4804:   77 2c 4c 89 f7 31 c0 e8 a0 b2 f7 ff 49 8b 7f 18 


Stack slot to memory mapping:
stack at sp + 0 slots: 0x00007f95728fe940 is pointing into the stack for thread: 0x00007f958c0b21d0
stack at sp + 1 slots: 0x00007f958c0b21d0 is a thread
stack at sp + 2 slots: 0x00007f9590e0d8c8 points into unknown readable memory: 0x65730018052dffff | ff ff 2d 05 18 00 73 65
stack at sp + 3 slots: 0x0000000800c417a0 is a pointer to class: 
jdk.vm.ci.services.Services {0x0000000800c417a0}
 - instance size:     2
 - klass size:        65
 - access:            public final synchronized 
 - state:             fully_initialized
 - name:              'jdk/vm/ci/services/Services'
 - super:             'java/lang/Object'
 - sub:               
 - arrays:            NULL
 - methods:           Array<T>(0x00007f9572c45100)
 - method ordering:   Array<T>(0x0000000800928960)
 - default_methods:   Array<T>(0x0000000000000000)
 - local interfaces:  Array<T>(0x00000008005ce810)
 - trans. interfaces: Array<T>(0x00000008005ce810)
 - constants:         constant pool [427] {0x00007f9572c440c8} for 'jdk/vm/ci/services/Services' cache=0x00007f9572c463d0
 - class loader data:  loader data: 0x00007f958c0283f0 of 'bootstrap'
 - source file:       'Services.java'
 - class annotations:       Array<T>(0x0000000000000000)
 - class type annotations:  Array<T>(0x0000000000000000)
 - field annotations:       Array<T>(0x0000000000000000)
 - field type annotations:  Array<T>(0x0000000000000000)
 - inner classes:     Array<T>(0x00007f9572c463a0)
 - nest members:     Array<T>(0x00007f9572c463c0)
 - permitted subclasses:     Array<T>(0x00000008005ce7a0)
 - java mirror:       a 'java/lang/Class'{0x00000000e0147c48} = 'jdk/vm/ci/services/Services'
 - vtable length      5  (start addr: 0x0000000800c41970)
 - itable length      2 (start addr: 0x0000000800c41998)
 - ---- static fields (3 words):
 - public static final 'IS_BUILDING_NATIVE_IMAGE' 'Z' @128 
 - public static final 'IS_IN_NATIVE_IMAGE' 'Z' @129 
 - private static volatile 'savedProperties' 'Ljava/util/Map;' @112 
 - static final 'JVMCI_ENABLED' 'Z' @130 
 - private static final 'servicesCache' 'Ljava/util/Map;' @116 
 - private static final 'MAX_UNICODE_IN_UTF8_LENGTH' 'I' @120 
 - private static final 'MAX_UTF8_PROPERTY_STRING_LENGTH' 'I' @124 
 - ---- non-static fields (0 words):
 - non-static oop maps: 
stack at sp + 4 slots: 0x00007f95728fe500 is pointing into the stack for thread: 0x00007f958c0b21d0
stack at sp + 5 slots: 0x00007f9592fc02fe: <offset 0x000000000093e2fe> in /nix/store/gpxl5qgg8kicmcvivwmybwjlpf7wh20l-graalvm17-ce-22.3.0/lib/server/libjvm.so at 0x00007f9592682000
stack at sp + 6 slots: 0x00007f95728fe3e0 is pointing into the stack for thread: 0x00007f958c0b21d0
stack at sp + 7 slots: 0x00007f95728fe440 is pointing into the stack for thread: 0x00007f958c0b21d0


---------------  P R O C E S S  ---------------

Threads class SMR info:
_java_thread_list=0x00007f94d8000b70, length=25, elements={
0x00007f958c026690, 0x00007f958c0a64d0, 0x00007f958c0a7910, 0x00007f958c0ae040,
0x00007f958c0af3f0, 0x00007f958c0b07e0, 0x00007f958c0b21d0, 0x00007f958c0b36e0,
0x00007f958c0b4b30, 0x00007f958c0d7d60, 0x00007f958c11fea0, 0x00007f958c333c80,
0x00007f958c366ff0, 0x00007f958c34de00, 0x00007f958c62ec00, 0x00007f952001a520,
0x00007f95202d2470, 0x00007f9520335e50, 0x00007f95140010d0, 0x00007f95204b7320,
0x00007f95201b37b0, 0x00007f958c3d68a0, 0x00007f9514007440, 0x00007f958c4f0af0,
0x00007f94f4425e30
}

Java Threads: ( => current thread )
  0x00007f958c026690 JavaThread "main" [_thread_blocked, id=33, stack(0x00007f959249d000,0x00007f959259d000)]
  0x00007f958c0a64d0 JavaThread "Reference Handler" daemon [_thread_blocked, id=36, stack(0x00007f95904b4000,0x00007f95905b4000)]
  0x00007f958c0a7910 JavaThread "Finalizer" daemon [_thread_blocked, id=37, stack(0x00007f95903b4000,0x00007f95904b4000)]
  0x00007f958c0ae040 JavaThread "Signal Dispatcher" daemon [_thread_blocked, id=38, stack(0x00007f9572b00000,0x00007f9572c00000)]
  0x00007f958c0af3f0 JavaThread "Service Thread" daemon [_thread_blocked, id=39, stack(0x00007f9572a00000,0x00007f9572b00000)]
  0x00007f958c0b07e0 JavaThread "Monitor Deflation Thread" daemon [_thread_blocked, id=40, stack(0x00007f9572900000,0x00007f9572a00000)]
=>0x00007f958c0b21d0 JavaThread "JVMCI-native CompilerThread0" daemon [_thread_in_vm, id=41, stack(0x00007f9572700000,0x00007f9572900000)]
  0x00007f958c0b36e0 JavaThread "C1 CompilerThread0" daemon [_thread_blocked, id=42, stack(0x00007f9572500000,0x00007f9572700000)]
  0x00007f958c0b4b30 JavaThread "Sweeper thread" daemon [_thread_blocked, id=43, stack(0x00007f9572400000,0x00007f9572500000)]
  0x00007f958c0d7d60 JavaThread "Common-Cleaner" daemon [_thread_blocked, id=44, stack(0x00007f9572300000,0x00007f9572400000)]
  0x00007f958c11fea0 JavaThread "Notification Thread" daemon [_thread_blocked, id=45, stack(0x00007f9572200000,0x00007f9572300000)]
  0x00007f958c333c80 JavaThread "Active Thread: Equinox Container: ad406a9e-3cf9-4a41-9227-88b8e80ca94a" [_thread_blocked, id=58, stack(0x00007f9570e00000,0x00007f9570f00000)]
  0x00007f958c366ff0 JavaThread "Framework Event Dispatcher: Equinox Container: ad406a9e-3cf9-4a41-9227-88b8e80ca94a" daemon [_thread_blocked, id=59, stack(0x00007f9570c00000,0x00007f9570d00000)]
  0x00007f958c34de00 JavaThread "Start Level: Equinox Container: ad406a9e-3cf9-4a41-9227-88b8e80ca94a" daemon [_thread_blocked, id=60, stack(0x00007f9570a00000,0x00007f9570b00000)]
  0x00007f958c62ec00 JavaThread "Refresh Thread: Equinox Container: ad406a9e-3cf9-4a41-9227-88b8e80ca94a" daemon [_thread_blocked, id=61, stack(0x00007f9570800000,0x00007f9570900000)]
  0x00007f952001a520 JavaThread "SCR Component Actor" daemon [_thread_blocked, id=70, stack(0x00007f9570600000,0x00007f9570700000)]
  0x00007f95202d2470 JavaThread "Worker-JM" [_thread_blocked, id=72, stack(0x00007f9570200000,0x00007f9570300000)]
  0x00007f9520335e50 JavaThread "Worker-0" [_thread_blocked, id=79, stack(0x00007f9570000000,0x00007f9570100000)]
  0x00007f95140010d0 JavaThread "Worker-1" [_thread_blocked, id=82, stack(0x00007f9539b00000,0x00007f9539c00000)]
  0x00007f95204b7320 JavaThread "Java indexing" daemon [_thread_blocked, id=83, stack(0x00007f9539900000,0x00007f9539a00000)]
  0x00007f95201b37b0 JavaThread "Bundle File Closer" daemon [_thread_blocked, id=84, stack(0x00007f9539700000,0x00007f9539800000)]
  0x00007f958c3d68a0 JavaThread "pool-3-thread-1" [_thread_blocked, id=85, stack(0x00007f9539500000,0x00007f9539600000)]
  0x00007f9514007440 JavaThread "Worker-2: Java indexing... " [_thread_blocked, id=92, stack(0x00007f9539300000,0x00007f9539400000)]
  0x00007f958c4f0af0 JavaThread "pool-2-thread-1" [_thread_in_native, id=95, stack(0x00007f9539100000,0x00007f9539200000)]
  0x00007f94f4425e30 JavaThread "Okio Watchdog" daemon [_thread_blocked, id=169, stack(0x00007f9538700000,0x00007f9538800000)]

Other Threads:
  0x00007f958c0a1c10 VMThread "VM Thread" [stack: 0x00007f95905b6000,0x00007f95906b6000] [id=35] _threads_hazard_ptr=0x00007f94d8000b70
  0x00007f958c121840 WatcherThread [stack: 0x00007f9572100000,0x00007f9572200000] [id=46]
  0x00007f958c03df30 GCTaskThread "GC Thread#0" [stack: 0x00007f9592060000,0x00007f9592160000] [id=34]

Threads with active compile tasks:
JVMCI-native CompilerThread0   846048 8662       4       java.lang.Thread::interrupted (23 bytes)

VM state: synchronizing (normal execution)

VM Mutex/Monitor currently owned by a thread:  ([mutex/lock_event])
[0x00007f958c023840] Threads_lock - owner thread: 0x00007f958c0a1c10
[0x00007f958c023ff0] Heap_lock - owner thread: 0x00007f95204b7320

OutOfMemory and StackOverflow Exception counts:
OutOfMemoryError java_heap_errors=1
LinkageErrors=68

Heap address: 0x00000000e0000000, size: 512 MB, Compressed Oops mode: 32-bit

CDS archive(s) mapped at: [0x0000000800000000-0x0000000800bc8000-0x0000000800bc8000), size 12353536, SharedBaseAddress: 0x0000000800000000, ArchiveRelocationMode: 0.
Compressed class space mapped at: 0x0000000800c00000-0x0000000840c00000, reserved size: 1073741824
Narrow klass base: 0x0000000800000000, Narrow klass shift: 0, Narrow klass range: 0x100000000

GC Precious Log:
 CPUs: 8 total, 1 available
 Memory: 1024M
 Large Page Support: Disabled
 NUMA Support: Disabled
 Compressed Oops: Enabled (32-bit)
 Alignments: Space 512K, Generation 512K, Heap 2M
 Heap Min Capacity: 100M
 Heap Initial Capacity: 100M
 Heap Max Capacity: 512M
 Pre-touch: Disabled
 Parallel Workers: 1

Heap:
 PSYoungGen      total 54272K, used 40447K [0x00000000f5580000, 0x00000000f9e00000, 0x0000000100000000)
  eden space 40448K, 99% used [0x00000000f5580000,0x00000000f7cffff8,0x00000000f7d00000)
  from space 13824K, 0% used [0x00000000f8e00000,0x00000000f8e00000,0x00000000f9b80000)
  to   space 16384K, 0% used [0x00000000f7d00000,0x00000000f7d00000,0x00000000f8d00000)
 ParOldGen       total 349696K, used 349695K [0x00000000e0000000, 0x00000000f5580000, 0x00000000f5580000)
  object space 349696K, 99% used [0x00000000e0000000,0x00000000f557ff40,0x00000000f5580000)
 Metaspace       used 58892K, committed 60032K, reserved 1105920K
  class space    used 5879K, committed 6336K, reserved 1048576K

Card table byte_map: [0x00007f9592160000,0x00007f9592261000] _byte_map_base: 0x00007f9591a60000

Marking Bits: (ParMarkBitMap*) 0x00007f95938b04c0
 Begin Bits: [0x00007f9590fb3000, 0x00007f95917b3000)
 End Bits:   [0x00007f95917b3000, 0x00007f9591fb3000)

Polling page: 0x00007f959247a000

Metaspace:

Usage:
  Non-class:     51.77 MB used.
      Class:      5.74 MB used.
       Both:     57.51 MB used.

Virtual space:
  Non-class space:       56.00 MB reserved,      52.44 MB ( 94%) committed,  7 nodes.
      Class space:        1.00 GB reserved,       6.19 MB ( <1%) committed,  1 nodes.
             Both:        1.05 GB reserved,      58.62 MB (  5%) committed. 

Chunk freelists:
   Non-Class:  2.82 MB
       Class:  1.89 MB
        Both:  4.71 MB

MaxMetaspaceSize: unlimited
CompressedClassSpaceSize: 1.00 GB
Initial GC threshold: 21.00 MB
Current GC threshold: 97.75 MB
CDS: on
MetaspaceReclaimPolicy: balanced
 - commit_granule_bytes: 65536.
 - commit_granule_words: 8192.
 - virtual_space_node_default_size: 1048576.
 - enlarge_chunks_in_place: 1.
 - new_chunks_are_fully_committed: 0.
 - uncommit_free_chunks: 1.
 - use_allocation_guard: 0.
 - handle_deallocations: 1.


Internal statistics:

num_allocs_failed_limit: 8.
num_arena_births: 496.
num_arena_deaths: 148.
num_vsnodes_births: 8.
num_vsnodes_deaths: 0.
num_space_committed: 937.
num_space_uncommitted: 0.
num_chunks_returned_to_freelist: 215.
num_chunks_taken_from_freelist: 2795.
num_chunk_merges: 88.
num_chunk_splits: 1826.
num_chunks_enlarged: 1144.
num_purges: 4.
num_inconsistent_stats: 0.

CodeHeap 'non-profiled nmethods': size=120036Kb used=2377Kb max_used=2377Kb free=117658Kb
 bounds [0x00007f957af7a000, 0x00007f957b1ea000, 0x00007f95824b3000]
CodeHeap 'profiled nmethods': size=120032Kb used=13457Kb max_used=16219Kb free=106574Kb
 bounds [0x00007f9573a42000, 0x00007f9574a22000, 0x00007f957af7a000]
CodeHeap 'non-nmethods': size=5692Kb used=1382Kb max_used=1400Kb free=4309Kb
 bounds [0x00007f95734b3000, 0x00007f9573723000, 0x00007f9573a42000]
 total_blobs=7229 nmethods=6511 adapters=629
 compilation: enabled
              stopped_count=0, restarted_count=0
 full_count=0

JVMCI Events (20 events):
Event: 366.988 Thread 0x00007f958c0b21d0 compacted oop handles in JVMCI runtime 0 from 42 to 42
Event: 366.988 Thread 0x00007f958c0b21d0 releasing handles for JVMCI runtime 0: oop handles=42, metadata handles={total=87, live=76, blocks=36}
Event: 366.988 Thread 0x00007f958c0b21d0 detached from JVMCI runtime 0
Event: 550.102 Thread 0x00007f958c0b21d0 attached to JVMCI runtime 0
Event: 550.103 Thread 0x00007f958c0b21d0 created JavaVM[4]@0x00007f953819e340 for JVMCI runtime 0
Event: 551.703 Thread 0x00007f958c0b21d0 initializing JVMCI runtime 0
Event: 551.703 Thread 0x00007f958c0b21d0 done waiting for JavaVM references initialization in JVMCI runtime 0
Event: 580.500 Thread 0x00007f958c0b21d0 initialized JVMCI runtime 0
Event: 593.234 Thread 0x00007f958c0b21d0 compacted oop handles in JVMCI runtime 0 from 43 to 42
Event: 594.891 Thread 0x00007f958c0b21d0 detaching from JVMCI runtime 0: releasing idle compiler thread (0 other threads still attached)
Event: 594.891 Thread 0x00007f958c0b21d0 shutting down HotSpotJVMCIRuntime for JVMCI runtime 0
Event: 596.385 Thread 0x00007f958c0b21d0 shut down JVMCI runtime 0
Event: 598.012 Thread 0x00007f958c0b21d0 destroyed JavaVM[4]@0x00007f953819e340 for JVMCI runtime 0
Event: 598.012 Thread 0x00007f958c0b21d0 compacted oop handles in JVMCI runtime 0 from 42 to 42
Event: 598.012 Thread 0x00007f958c0b21d0 releasing handles for JVMCI runtime 0: oop handles=42, metadata handles={total=87, live=76, blocks=36}
Event: 598.012 Thread 0x00007f958c0b21d0 detached from JVMCI runtime 0
Event: 821.419 Thread 0x00007f958c0b21d0 attached to JVMCI runtime 0
Event: 821.420 Thread 0x00007f958c0b21d0 created JavaVM[5]@0x00007f953819e340 for JVMCI runtime 0
Event: 821.420 Thread 0x00007f958c0b21d0 initializing JVMCI runtime 0
Event: 821.420 Thread 0x00007f958c0b21d0 done waiting for JavaVM references initialization in JVMCI runtime 0

Compilation events (20 events):
Event: 301.400 Thread 0x00007f958c0b36e0 nmethod 8652 0x00007f95744b2090 code [0x00007f95744b2260, 0x00007f95744b2bb0]
Event: 304.507 Thread 0x00007f958c0b21d0 8653       4       jdk.internal.misc.Unsafe::weakCompareAndSetLong (11 bytes)
Event: 362.402 Thread 0x00007f958c0b21d0 nmethod 8653 0x00007f957b1cb910 code [0x00007f957b1cba80, 0x00007f957b1cbad0]
Event: 394.902 Thread 0x00007f958c0b36e0 8654       3       java.util.concurrent.ThreadPoolExecutor::runStateAtLeast (11 bytes)
Event: 398.107 Thread 0x00007f958c0b36e0 nmethod 8654 0x00007f957441ab10 code [0x00007f957441aca0, 0x00007f957441adf0]
Event: 432.378 Thread 0x00007f958c0b36e0 8655       1       java.lang.Thread::getThreadGroup (5 bytes)
Event: 434.008 Thread 0x00007f958c0b36e0 nmethod 8655 0x00007f957b1cbc10 code [0x00007f957b1cbda0, 0x00007f957b1cbe70]
Event: 550.102 Thread 0x00007f958c0b21d0 8656       4       org.eclipse.core.runtime.Assert::isNotNull (7 bytes)
Event: 593.234 Thread 0x00007f958c0b21d0 nmethod 8656 0x00007f957b1cbf10 code [0x00007f957b1cc080, 0x00007f957b1cc0d0]
Event: 603.981 Thread 0x00007f958c0b36e0 8657       1       org.eclipse.osgi.internal.framework.EquinoxContainer::getStorage (5 bytes)
Event: 607.086 Thread 0x00007f958c0b36e0 nmethod 8657 0x00007f957b1cc210 code [0x00007f957b1cc3a0, 0x00007f957b1cc470]
Event: 752.397 Thread 0x00007f958c0b36e0 8658       3       java.lang.StringBuffer::append (6 bytes)
Event: 754.002 Thread 0x00007f958c0b36e0 nmethod 8658 0x00007f957415ed90 code [0x00007f957415ef40, 0x00007f957415f1c0]
Event: 757.396 Thread 0x00007f958c0b36e0 8659       3       java.util.concurrent.ThreadPoolExecutor::isShutdown (12 bytes)
Event: 757.396 Thread 0x00007f958c0b36e0 nmethod 8659 0x00007f9573b2e210 code [0x00007f9573b2e3c0, 0x00007f9573b2e5b0]
Event: 778.005 Thread 0x00007f958c0b36e0 8660       3       java.util.concurrent.ScheduledThreadPoolExecutor::canRunInCurrentRunState (61 bytes)
Event: 778.006 Thread 0x00007f958c0b36e0 nmethod 8660 0x00007f9573aa2f10 code [0x00007f9573aa3120, 0x00007f9573aa3bc0]
Event: 801.495 Thread 0x00007f958c0b36e0 8661       3       org.eclipse.jdt.ls.core.internal.handlers.ProgressReporterManager$ProgressReporter::subTask (40 bytes)
Event: 806.374 Thread 0x00007f958c0b36e0 nmethod 8661 0x00007f9574311b10 code [0x00007f9574311ce0, 0x00007f9574312010]
Event: 821.419 Thread 0x00007f958c0b21d0 8662       4       java.lang.Thread::interrupted (23 bytes)

GC Heap History (20 events):
Event: 828.174 GC heap before
{Heap before GC invocations=574 (full 480):
 PSYoungGen      total 54272K, used 40447K [0x00000000f5580000, 0x00000000f9e00000, 0x0000000100000000)
  eden space 40448K, 99% used [0x00000000f5580000,0x00000000f7cffff8,0x00000000f7d00000)
  from space 13824K, 0% used [0x00000000f8e00000,0x00000000f8e00000,0x00000000f9b80000)
  to   space 16384K, 0% used [0x00000000f7d00000,0x00000000f7d00000,0x00000000f8d00000)
 ParOldGen       total 349696K, used 349691K [0x00000000e0000000, 0x00000000f5580000, 0x00000000f5580000)
  object space 349696K, 99% used [0x00000000e0000000,0x00000000f557ecc8,0x00000000f5580000)
 Metaspace       used 58892K, committed 60032K, reserved 1105920K
  class space    used 5879K, committed 6336K, reserved 1048576K
}
Event: 830.005 GC heap after
{Heap after GC invocations=574 (full 480):
 PSYoungGen      total 56832K, used 40447K [0x00000000f5580000, 0x00000000f9e00000, 0x0000000100000000)
  eden space 40448K, 99% used [0x00000000f5580000,0x00000000f7cfff28,0x00000000f7d00000)
  from space 16384K, 0% used [0x00000000f7d00000,0x00000000f7d00000,0x00000000f8d00000)
  to   space 13824K, 0% used [0x00000000f8e00000,0x00000000f8e00000,0x00000000f9b80000)
 ParOldGen       total 349696K, used 349690K [0x00000000e0000000, 0x00000000f5580000, 0x00000000f5580000)
  object space 349696K, 99% used [0x00000000e0000000,0x00000000f557ebf8,0x00000000f5580000)
 Metaspace       used 58892K, committed 60032K, reserved 1105920K
  class space    used 5879K, committed 6336K, reserved 1048576K
}
Event: 830.006 GC heap before
{Heap before GC invocations=575 (full 481):
 PSYoungGen      total 56832K, used 40447K [0x00000000f5580000, 0x00000000f9e00000, 0x0000000100000000)
  eden space 40448K, 99% used [0x00000000f5580000,0x00000000f7cfffa0,0x00000000f7d00000)
  from space 16384K, 0% used [0x00000000f7d00000,0x00000000f7d00000,0x00000000f8d00000)
  to   space 13824K, 0% used [0x00000000f8e00000,0x00000000f8e00000,0x00000000f9b80000)
 ParOldGen       total 349696K, used 349690K [0x00000000e0000000, 0x00000000f5580000, 0x00000000f5580000)
  object space 349696K, 99% used [0x00000000e0000000,0x00000000f557ebf8,0x00000000f5580000)
 Metaspace       used 58892K, committed 60032K, reserved 1105920K
  class space    used 5879K, committed 6336K, reserved 1048576K
}
Event: 832.322 GC heap after
{Heap after GC invocations=575 (full 481):
 PSYoungGen      total 54272K, used 40447K [0x00000000f5580000, 0x00000000f9e00000, 0x0000000100000000)
  eden space 40448K, 99% used [0x00000000f5580000,0x00000000f7cfffa0,0x00000000f7d00000)
  from space 13824K, 0% used [0x00000000f8e00000,0x00000000f8e00000,0x00000000f9b80000)
  to   space 16384K, 0% used [0x00000000f7d00000,0x00000000f7d00000,0x00000000f8d00000)
 ParOldGen       total 349696K, used 349690K [0x00000000e0000000, 0x00000000f5580000, 0x00000000f5580000)
  object space 349696K, 99% used [0x00000000e0000000,0x00000000f557ebd8,0x00000000f5580000)
 Metaspace       used 58892K, committed 60032K, reserved 1105920K
  class space    used 5879K, committed 6336K, reserved 1048576K
}
Event: 832.322 GC heap before
{Heap before GC invocations=576 (full 482):
 PSYoungGen      total 54272K, used 40448K [0x00000000f5580000, 0x00000000f9e00000, 0x0000000100000000)
  eden space 40448K, 100% used [0x00000000f5580000,0x00000000f7d00000,0x00000000f7d00000)
  from space 13824K, 0% used [0x00000000f8e00000,0x00000000f8e00000,0x00000000f9b80000)
  to   space 16384K, 0% used [0x00000000f7d00000,0x00000000f7d00000,0x00000000f8d00000)
 ParOldGen       total 349696K, used 349693K [0x00000000e0000000, 0x00000000f5580000, 0x00000000f5580000)
  object space 349696K, 99% used [0x00000000e0000000,0x00000000f557f520,0x00000000f5580000)
 Metaspace       used 58892K, committed 60032K, reserved 1105920K
  class space    used 5879K, committed 6336K, reserved 1048576K
}
Event: 834.020 GC heap after
{Heap after GC invocations=576 (full 482):
 PSYoungGen      total 56832K, used 40447K [0x00000000f5580000, 0x00000000f9e00000, 0x0000000100000000)
  eden space 40448K, 99% used [0x00000000f5580000,0x00000000f7cffe00,0x00000000f7d00000)
  from space 16384K, 0% used [0x00000000f7d00000,0x00000000f7d00000,0x00000000f8d00000)
  to   space 13824K, 0% used [0x00000000f8e00000,0x00000000f8e00000,0x00000000f9b80000)
 ParOldGen       total 349696K, used 349693K [0x00000000e0000000, 0x00000000f5580000, 0x00000000f5580000)
  object space 349696K, 99% used [0x00000000e0000000,0x00000000f557f4f0,0x00000000f5580000)
 Metaspace       used 58892K, committed 60032K, reserved 1105920K
  class space    used 5879K, committed 6336K, reserved 1048576K
}
Event: 834.021 GC heap before
{Heap before GC invocations=577 (full 483):
 PSYoungGen      total 56832K, used 40448K [0x00000000f5580000, 0x00000000f9e00000, 0x0000000100000000)
  eden space 40448K, 100% used [0x00000000f5580000,0x00000000f7d00000,0x00000000f7d00000)
  from space 16384K, 0% used [0x00000000f7d00000,0x00000000f7d00000,0x00000000f8d00000)
  to   space 13824K, 0% used [0x00000000f8e00000,0x00000000f8e00000,0x00000000f9b80000)
 ParOldGen       total 349696K, used 349693K [0x00000000e0000000, 0x00000000f5580000, 0x00000000f5580000)
  object space 349696K, 99% used [0x00000000e0000000,0x00000000f557f4f0,0x00000000f5580000)
 Metaspace       used 58892K, committed 60032K, reserved 1105920K
  class space    used 5879K, committed 6336K, reserved 1048576K
}
Event: 835.797 GC heap after
{Heap after GC invocations=577 (full 483):
 PSYoungGen      total 54272K, used 40447K [0x00000000f5580000, 0x00000000f9e00000, 0x0000000100000000)
  eden space 40448K, 99% used [0x00000000f5580000,0x00000000f7cfffb0,0x00000000f7d00000)
  from space 13824K, 0% used [0x00000000f8e00000,0x00000000f8e00000,0x00000000f9b80000)
  to   space 16384K, 0% used [0x00000000f7d00000,0x00000000f7d00000,0x00000000f8d00000)
 ParOldGen       total 349696K, used 349693K [0x00000000e0000000, 0x00000000f5580000, 0x00000000f5580000)
  object space 349696K, 99% used [0x00000000e0000000,0x00000000f557f4f0,0x00000000f5580000)
 Metaspace       used 58892K, committed 60032K, reserved 1105920K
  class space    used 5879K, committed 6336K, reserved 1048576K
}
Event: 835.798 GC heap before
{Heap before GC invocations=578 (full 484):
 PSYoungGen      total 54272K, used 40447K [0x00000000f5580000, 0x00000000f9e00000, 0x0000000100000000)
  eden space 40448K, 99% used [0x00000000f5580000,0x00000000f7cfffe8,0x00000000f7d00000)
  from space 13824K, 0% used [0x00000000f8e00000,0x00000000f8e00000,0x00000000f9b80000)
  to   space 16384K, 0% used [0x00000000f7d00000,0x00000000f7d00000,0x00000000f8d00000)
 ParOldGen       total 349696K, used 349693K [0x00000000e0000000, 0x00000000f5580000, 0x00000000f5580000)
  object space 349696K, 99% used [0x00000000e0000000,0x00000000f557f4f0,0x00000000f5580000)
 Metaspace       used 58892K, committed 60032K, reserved 1105920K
  class space    used 5879K, committed 6336K, reserved 1048576K
}
Event: 837.532 GC heap after
{Heap after GC invocations=578 (full 484):
 PSYoungGen      total 56832K, used 40447K [0x00000000f5580000, 0x00000000f9e00000, 0x0000000100000000)
  eden space 40448K, 99% used [0x00000000f5580000,0x00000000f7cfffe8,0x00000000f7d00000)
  from space 16384K, 0% used [0x00000000f7d00000,0x00000000f7d00000,0x00000000f8d00000)
  to   space 13824K, 0% used [0x00000000f8e00000,0x00000000f8e00000,0x00000000f9b80000)
 ParOldGen       total 349696K, used 349693K [0x00000000e0000000, 0x00000000f5580000, 0x00000000f5580000)
  object space 349696K, 99% used [0x00000000e0000000,0x00000000f557f4f0,0x00000000f5580000)
 Metaspace       used 58892K, committed 60032K, reserved 1105920K
  class space    used 5879K, committed 6336K, reserved 1048576K
}
Event: 837.533 GC heap before
{Heap before GC invocations=579 (full 485):
 PSYoungGen      total 56832K, used 40448K [0x00000000f5580000, 0x00000000f9e00000, 0x0000000100000000)
  eden space 40448K, 100% used [0x00000000f5580000,0x00000000f7d00000,0x00000000f7d00000)
  from space 16384K, 0% used [0x00000000f7d00000,0x00000000f7d00000,0x00000000f8d00000)
  to   space 13824K, 0% used [0x00000000f8e00000,0x00000000f8e00000,0x00000000f9b80000)
 ParOldGen       total 349696K, used 349695K [0x00000000e0000000, 0x00000000f5580000, 0x00000000f5580000)
  object space 349696K, 99% used [0x00000000e0000000,0x00000000f557fca0,0x00000000f5580000)
 Metaspace       used 58892K, committed 60032K, reserved 1105920K
  class space    used 5879K, committed 6336K, reserved 1048576K
}
Event: 839.186 GC heap after
{Heap after GC invocations=579 (full 485):
 PSYoungGen      total 54272K, used 40447K [0x00000000f5580000, 0x00000000f9e00000, 0x0000000100000000)
  eden space 40448K, 99% used [0x00000000f5580000,0x00000000f7cffd90,0x00000000f7d00000)
  from space 13824K, 0% used [0x00000000f8e00000,0x00000000f8e00000,0x00000000f9b80000)
  to   space 16384K, 0% used [0x00000000f7d00000,0x00000000f7d00000,0x00000000f8d00000)
 ParOldGen       total 349696K, used 349693K [0x00000000e0000000, 0x00000000f5580000, 0x00000000f5580000)
  object space 349696K, 99% used [0x00000000e0000000,0x00000000f557f4f0,0x00000000f5580000)
 Metaspace       used 58892K, committed 60032K, reserved 1105920K
  class space    used 5879K, committed 6336K, reserved 1048576K
}
Event: 839.188 GC heap before
{Heap before GC invocations=580 (full 486):
 PSYoungGen      total 54272K, used 40448K [0x00000000f5580000, 0x00000000f9e00000, 0x0000000100000000)
  eden space 40448K, 100% used [0x00000000f5580000,0x00000000f7d00000,0x00000000f7d00000)
  from space 13824K, 0% used [0x00000000f8e00000,0x00000000f8e00000,0x00000000f9b80000)
  to   space 16384K, 0% used [0x00000000f7d00000,0x00000000f7d00000,0x00000000f8d00000)
 ParOldGen       total 349696K, used 349693K [0x00000000e0000000, 0x00000000f5580000, 0x00000000f5580000)
  object space 349696K, 99% used [0x00000000e0000000,0x00000000f557f4f0,0x00000000f5580000)
 Metaspace       used 58892K, committed 60032K, reserved 1105920K
  class space    used 5879K, committed 6336K, reserved 1048576K
}
Event: 840.873 GC heap after
{Heap after GC invocations=580 (full 486):
 PSYoungGen      total 56832K, used 40447K [0x00000000f5580000, 0x00000000f9e00000, 0x0000000100000000)
  eden space 40448K, 99% used [0x00000000f5580000,0x00000000f7cfff40,0x00000000f7d00000)
  from space 16384K, 0% used [0x00000000f7d00000,0x00000000f7d00000,0x00000000f8d00000)
  to   space 13824K, 0% used [0x00000000f8e00000,0x00000000f8e00000,0x00000000f9b80000)
 ParOldGen       total 349696K, used 349693K [0x00000000e0000000, 0x00000000f5580000, 0x00000000f5580000)
  object space 349696K, 99% used [0x00000000e0000000,0x00000000f557f4f0,0x00000000f5580000)
 Metaspace       used 58892K, committed 60032K, reserved 1105920K
  class space    used 5879K, committed 6336K, reserved 1048576K
}
Event: 840.875 GC heap before
{Heap before GC invocations=581 (full 487):
 PSYoungGen      total 56832K, used 40448K [0x00000000f5580000, 0x00000000f9e00000, 0x0000000100000000)
  eden space 40448K, 100% used [0x00000000f5580000,0x00000000f7d00000,0x00000000f7d00000)
  from space 16384K, 0% used [0x00000000f7d00000,0x00000000f7d00000,0x00000000f8d00000)
  to   space 13824K, 0% used [0x00000000f8e00000,0x00000000f8e00000,0x00000000f9b80000)
 ParOldGen       total 349696K, used 349693K [0x00000000e0000000, 0x00000000f5580000, 0x00000000f5580000)
  object space 349696K, 99% used [0x00000000e0000000,0x00000000f557f4f0,0x00000000f5580000)
 Metaspace       used 58892K, committed 60032K, reserved 1105920K
  class space    used 5879K, committed 6336K, reserved 1048576K
}
Event: 842.530 GC heap after
{Heap after GC invocations=581 (full 487):
 PSYoungGen      total 54272K, used 40447K [0x00000000f5580000, 0x00000000f9e00000, 0x0000000100000000)
  eden space 40448K, 99% used [0x00000000f5580000,0x00000000f7cfff60,0x00000000f7d00000)
  from space 13824K, 0% used [0x00000000f8e00000,0x00000000f8e00000,0x00000000f9b80000)
  to   space 16384K, 0% used [0x00000000f7d00000,0x00000000f7d00000,0x00000000f8d00000)
 ParOldGen       total 349696K, used 349693K [0x00000000e0000000, 0x00000000f5580000, 0x00000000f5580000)
  object space 349696K, 99% used [0x00000000e0000000,0x00000000f557f4d0,0x00000000f5580000)
 Metaspace       used 58892K, committed 60032K, reserved 1105920K
  class space    used 5879K, committed 6336K, reserved 1048576K
}
Event: 842.530 GC heap before
{Heap before GC invocations=582 (full 488):
 PSYoungGen      total 54272K, used 40447K [0x00000000f5580000, 0x00000000f9e00000, 0x0000000100000000)
  eden space 40448K, 99% used [0x00000000f5580000,0x00000000f7cffff0,0x00000000f7d00000)
  from space 13824K, 0% used [0x00000000f8e00000,0x00000000f8e00000,0x00000000f9b80000)
  to   space 16384K, 0% used [0x00000000f7d00000,0x00000000f7d00000,0x00000000f8d00000)
 ParOldGen       total 349696K, used 349693K [0x00000000e0000000, 0x00000000f5580000, 0x00000000f5580000)
  object space 349696K, 99% used [0x00000000e0000000,0x00000000f557f4d0,0x00000000f5580000)
 Metaspace       used 58892K, committed 60032K, reserved 1105920K
  class space    used 5879K, committed 6336K, reserved 1048576K
}
Event: 844.112 GC heap after
{Heap after GC invocations=582 (full 488):
 PSYoungGen      total 56832K, used 40447K [0x00000000f5580000, 0x00000000f9e00000, 0x0000000100000000)
  eden space 40448K, 99% used [0x00000000f5580000,0x00000000f7cfffb0,0x00000000f7d00000)
  from space 16384K, 0% used [0x00000000f7d00000,0x00000000f7d00000,0x00000000f8d00000)
  to   space 13824K, 0% used [0x00000000f8e00000,0x00000000f8e00000,0x00000000f9b80000)
 ParOldGen       total 349696K, used 349693K [0x00000000e0000000, 0x00000000f5580000, 0x00000000f5580000)
  object space 349696K, 99% used [0x00000000e0000000,0x00000000f557f4d0,0x00000000f5580000)
 Metaspace       used 58892K, committed 60032K, reserved 1105920K
  class space    used 5879K, committed 6336K, reserved 1048576K
}
Event: 844.112 GC heap before
{Heap before GC invocations=583 (full 489):
 PSYoungGen      total 56832K, used 40447K [0x00000000f5580000, 0x00000000f9e00000, 0x0000000100000000)
  eden space 40448K, 99% used [0x00000000f5580000,0x00000000f7cfffb0,0x00000000f7d00000)
  from space 16384K, 0% used [0x00000000f7d00000,0x00000000f7d00000,0x00000000f8d00000)
  to   space 13824K, 0% used [0x00000000f8e00000,0x00000000f8e00000,0x00000000f9b80000)
 ParOldGen       total 349696K, used 349693K [0x00000000e0000000, 0x00000000f5580000, 0x00000000f5580000)
  object space 349696K, 99% used [0x00000000e0000000,0x00000000f557f4d0,0x00000000f5580000)
 Metaspace       used 58892K, committed 60032K, reserved 1105920K
  class space    used 5879K, committed 6336K, reserved 1048576K
}
Event: 845.940 GC heap after
{Heap after GC invocations=583 (full 489):
 PSYoungGen      total 54272K, used 40447K [0x00000000f5580000, 0x00000000f9e00000, 0x0000000100000000)
  eden space 40448K, 99% used [0x00000000f5580000,0x00000000f7cfffb0,0x00000000f7d00000)
  from space 13824K, 0% used [0x00000000f8e00000,0x00000000f8e00000,0x00000000f9b80000)
  to   space 16384K, 0% used [0x00000000f7d00000,0x00000000f7d00000,0x00000000f8d00000)
 ParOldGen       total 349696K, used 349693K [0x00000000e0000000, 0x00000000f5580000, 0x00000000f5580000)
  object space 349696K, 99% used [0x00000000e0000000,0x00000000f557f4d0,0x00000000f5580000)
 Metaspace       used 58892K, committed 60032K, reserved 1105920K
  class space    used 5879K, committed 6336K, reserved 1048576K
}

Dll operation events (9 events):
Event: 0.002 Loaded shared library /nix/store/gpxl5qgg8kicmcvivwmybwjlpf7wh20l-graalvm17-ce-22.3.0/lib/libjava.so
Event: 0.008 Loaded shared library /nix/store/gpxl5qgg8kicmcvivwmybwjlpf7wh20l-graalvm17-ce-22.3.0/lib/libjsvml.so
Event: 0.196 Loaded shared library /nix/store/gpxl5qgg8kicmcvivwmybwjlpf7wh20l-graalvm17-ce-22.3.0/lib/libnio.so
Event: 0.199 Loaded shared library /nix/store/gpxl5qgg8kicmcvivwmybwjlpf7wh20l-graalvm17-ce-22.3.0/lib/libzip.so
Event: 0.202 Loaded shared library /nix/store/gpxl5qgg8kicmcvivwmybwjlpf7wh20l-graalvm17-ce-22.3.0/lib/libjvmcicompiler.so
Event: 0.579 Loaded shared library /nix/store/gpxl5qgg8kicmcvivwmybwjlpf7wh20l-graalvm17-ce-22.3.0/lib/libjimage.so
Event: 1.172 Loaded shared library /nix/store/gpxl5qgg8kicmcvivwmybwjlpf7wh20l-graalvm17-ce-22.3.0/lib/libnet.so
Event: 4.893 Loaded shared library /home/runner/.cache/jdt-language-server/config/org.eclipse.equinox.launcher/org.eclipse.equinox.launcher.gtk.linux.x86_64_1.2.400.v20211117-0650/eclipse_11600.so
Event: 14.644 Loaded shared library /nix/store/gpxl5qgg8kicmcvivwmybwjlpf7wh20l-graalvm17-ce-22.3.0/lib/libextnet.so

Deoptimization events (20 events):
Event: 65.888 Thread 0x00007f95204b7320 DEOPT PACKING pc=0x00007f9573b14504 sp=0x00007f95399fe530
Event: 65.888 Thread 0x00007f95204b7320 DEOPT UNPACKING pc=0x00007f9573505325 sp=0x00007f95399fda20 mode 0
Event: 65.898 Thread 0x00007f95204b7320 DEOPT PACKING pc=0x00007f9573b14504 sp=0x00007f95399fe530
Event: 65.898 Thread 0x00007f95204b7320 DEOPT UNPACKING pc=0x00007f9573505325 sp=0x00007f95399fda20 mode 0
Event: 65.904 Thread 0x00007f95204b7320 DEOPT PACKING pc=0x00007f9573b14575 sp=0x00007f95399fe530
Event: 65.904 Thread 0x00007f95204b7320 DEOPT UNPACKING pc=0x00007f9573505325 sp=0x00007f95399fda20 mode 0
Event: 65.909 Thread 0x00007f95204b7320 DEOPT PACKING pc=0x00007f9573b14575 sp=0x00007f95399fe530
Event: 65.909 Thread 0x00007f95204b7320 DEOPT UNPACKING pc=0x00007f9573505325 sp=0x00007f95399fda20 mode 0
Event: 65.917 Thread 0x00007f95204b7320 DEOPT PACKING pc=0x00007f9573b14504 sp=0x00007f95399fe530
Event: 65.917 Thread 0x00007f95204b7320 DEOPT UNPACKING pc=0x00007f9573505325 sp=0x00007f95399fda20 mode 0
Event: 65.919 Thread 0x00007f95204b7320 DEOPT PACKING pc=0x00007f9573b14575 sp=0x00007f95399fe530
Event: 65.919 Thread 0x00007f95204b7320 DEOPT UNPACKING pc=0x00007f9573505325 sp=0x00007f95399fda20 mode 0
Event: 65.921 Thread 0x00007f95204b7320 DEOPT PACKING pc=0x00007f9573b14504 sp=0x00007f95399fe530
Event: 65.921 Thread 0x00007f95204b7320 DEOPT UNPACKING pc=0x00007f9573505325 sp=0x00007f95399fda20 mode 0
Event: 65.923 Thread 0x00007f95204b7320 DEOPT PACKING pc=0x00007f9573b14575 sp=0x00007f95399fe530
Event: 65.923 Thread 0x00007f95204b7320 DEOPT UNPACKING pc=0x00007f9573505325 sp=0x00007f95399fda20 mode 0
Event: 199.276 Thread 0x00007f958c0b21d0 Uncommon trap: trap_request=0xffffffcd fr.pc=0x00007f957b16315c relative=0x000000000000049c
Event: 199.276 Thread 0x00007f958c0b21d0 Uncommon trap: reason=intrinsic_or_type_checked_inlining action=reinterpret pc=0x00007f957b16315c method=java.io.DataOutputStream.writeInt(I)V @ 0 jvmci
Event: 199.276 Thread 0x00007f958c0b21d0 DEOPT PACKING pc=0x00007f957b16315c sp=0x00007f95728fe000
Event: 199.276 Thread 0x00007f958c0b21d0 DEOPT UNPACKING pc=0x00007f9573505325 sp=0x00007f95728fd4d8 mode 3

Classes unloaded (20 events):
Event: 142.601 Thread 0x00007f958c0a1c10 Unloading class 0x000000080105c800 'java/lang/invoke/LambdaForm$MH+0x000000080105c800'
Event: 142.601 Thread 0x00007f958c0a1c10 Unloading class 0x000000080105c400 'java/lang/invoke/LambdaForm$MH+0x000000080105c400'
Event: 142.601 Thread 0x00007f958c0a1c10 Unloading class 0x000000080105c000 'java/lang/invoke/LambdaForm$MH+0x000000080105c000'
Event: 142.601 Thread 0x00007f958c0a1c10 Unloading class 0x0000000800ee5000 'jdk/internal/reflect/GeneratedConstructorAccessor12'
Event: 142.601 Thread 0x00007f958c0a1c10 Unloading class 0x0000000800ee4800 'jdk/internal/reflect/GeneratedConstructorAccessor10'
Event: 142.601 Thread 0x00007f958c0a1c10 Unloading class 0x0000000800ee4400 'jdk/internal/reflect/GeneratedConstructorAccessor9'
Event: 142.601 Thread 0x00007f958c0a1c10 Unloading class 0x0000000800ee4000 'jdk/internal/reflect/GeneratedConstructorAccessor8'
Event: 142.601 Thread 0x00007f958c0a1c10 Unloading class 0x0000000800d99000 'java/lang/invoke/LambdaForm$MH+0x0000000800d99000'
Event: 142.601 Thread 0x00007f958c0a1c10 Unloading class 0x0000000800d98c00 'java/lang/invoke/LambdaForm$MH+0x0000000800d98c00'
Event: 142.601 Thread 0x00007f958c0a1c10 Unloading class 0x0000000800d98800 'java/lang/invoke/LambdaForm$MH+0x0000000800d98800'
Event: 142.601 Thread 0x00007f958c0a1c10 Unloading class 0x0000000800d98400 'java/lang/invoke/LambdaForm$MH+0x0000000800d98400'
Event: 142.601 Thread 0x00007f958c0a1c10 Unloading class 0x0000000800d98000 'jdk/internal/reflect/GeneratedConstructorAccessor3'
Event: 142.601 Thread 0x00007f958c0a1c10 Unloading class 0x0000000800d06800 'java/lang/invoke/LambdaForm$MH+0x0000000800d06800'
Event: 142.601 Thread 0x00007f958c0a1c10 Unloading class 0x0000000800d06000 'java/lang/invoke/LambdaForm$MH+0x0000000800d06000'
Event: 142.601 Thread 0x00007f958c0a1c10 Unloading class 0x0000000800d05c00 'java/lang/invoke/LambdaForm$MH+0x0000000800d05c00'
Event: 142.601 Thread 0x00007f958c0a1c10 Unloading class 0x0000000800d05800 'java/lang/invoke/LambdaForm$MH+0x0000000800d05800'
Event: 142.601 Thread 0x00007f958c0a1c10 Unloading class 0x0000000800d05000 'java/lang/invoke/LambdaForm$MH+0x0000000800d05000'
Event: 142.601 Thread 0x00007f958c0a1c10 Unloading class 0x0000000800d04c00 'java/lang/invoke/LambdaForm$MH+0x0000000800d04c00'
Event: 142.601 Thread 0x00007f958c0a1c10 Unloading class 0x0000000800d04800 'java/lang/invoke/LambdaForm$MH+0x0000000800d04800'
Event: 142.601 Thread 0x00007f958c0a1c10 Unloading class 0x0000000800d04000 'java/lang/invoke/LambdaForm$MH+0x0000000800d04000'

Classes redefined (0 events):
No events

Internal exceptions (20 events):
Event: 41.374 Thread 0x00007f958c4f0af0 Exception <a 'java/lang/NoSuchMethodError'{0x00000000f58470f8}: 'java.lang.Object java.lang.invoke.DirectMethodHandle$Holder.invokeInterface(java.lang.Object, java.lang.Object, java.lang.Object)'> (0x00000000f58470f8) 
thrown [src/hotspot/share/interpreter/linkResolver.cpp, line 758]
Event: 41.483 Thread 0x00007f94f0002340 Exception <a 'java/lang/NoSuchMethodError'{0x00000000f5fea458}: static [Lorg/eclipse/core/runtime/IPath;.<clinit>()V> (0x00000000f5fea458) 
thrown [src/hotspot/share/prims/jni.cpp, line 1107]
Event: 41.501 Thread 0x00007f94f0002340 Exception <a 'java/lang/NoSuchMethodError'{0x00000000f62c8340}: static [J.<clinit>()V> (0x00000000f62c8340) 
thrown [src/hotspot/share/prims/jni.cpp, line 1107]
Event: 41.683 Thread 0x00007f9520335e50 Exception <a 'java/lang/NoSuchMethodError'{0x00000000f6912b98}: 'java.lang.Object java.lang.invoke.DirectMethodHandle$Holder.newInvokeSpecial(java.lang.Object, java.lang.Object, java.lang.Object, int, java.lang.Object)'> (0x00000000f6912b98) 
thrown [src/hotspot/share/interpreter/linkResolver.cpp, line 758]
Event: 41.683 Thread 0x00007f9520335e50 Exception <a 'java/lang/NoSuchMethodError'{0x00000000f6916d50}: 'java.lang.Object java.lang.invoke.DirectMethodHandle$Holder.invokeSpecial(java.lang.Object, java.lang.Object, java.lang.Object, java.lang.Object, int, java.lang.Object)'> (0x00000000f6916d50) 
thrown [src/hotspot/share/interpreter/linkResolver.cpp, line 758]
Event: 41.684 Thread 0x00007f9520335e50 Exception <a 'java/lang/NoSuchMethodError'{0x00000000f691a838}: 'java.lang.Object java.lang.invoke.Invokers$Holder.linkToTargetMethod(java.lang.Object, java.lang.Object, int, java.lang.Object, java.lang.Object)'> (0x00000000f691a838) 
thrown [src/hotspot/share/interpreter/linkResolver.cpp, line 758]
Event: 45.977 Thread 0x00007f95140010d0 Exception <a 'java/lang/NoSuchMethodError'{0x00000000f6776c68}: 'java.lang.Object java.lang.invoke.DirectMethodHandle$Holder.invokeStatic(java.lang.Object, java.lang.Object, java.lang.Object, long)'> (0x00000000f6776c68) 
thrown [src/hotspot/share/interpreter/linkResolver.cpp, line 758]
Event: 45.978 Thread 0x00007f95140010d0 Exception <a 'java/lang/NoSuchMethodError'{0x00000000f67e0f38}: 'java.lang.Object java.lang.invoke.DirectMethodHandle$Holder.newInvokeSpecial(java.lang.Object, java.lang.Object, java.lang.Object, long)'> (0x00000000f67e0f38) 
thrown [src/hotspot/share/interpreter/linkResolver.cpp, line 758]
Event: 45.978 Thread 0x00007f95140010d0 Exception <a 'java/lang/NoSuchMethodError'{0x00000000f6847068}: 'java.lang.Object java.lang.invoke.DirectMethodHandle$Holder.invokeSpecial(java.lang.Object, java.lang.Object, java.lang.Object, java.lang.Object, long)'> (0x00000000f6847068) 
thrown [src/hotspot/share/interpreter/linkResolver.cpp, line 758]
Event: 45.979 Thread 0x00007f95140010d0 Exception <a 'java/lang/NoSuchMethodError'{0x00000000f684b0a8}: 'java.lang.Object java.lang.invoke.Invokers$Holder.linkToTargetMethod(java.lang.Object, java.lang.Object, long, java.lang.Object)'> (0x00000000f684b0a8) 
thrown [src/hotspot/share/interpreter/linkResolver.cpp, line 758]
Event: 46.375 Thread 0x00007f95140010d0 Exception <a 'java/io/FileNotFoundException'{0x00000000f6777c78}> (0x00000000f6777c78) 
thrown [src/hotspot/share/prims/jni.cpp, line 516]
Event: 47.977 Thread 0x00007f94fc1b4490 Implicit null exception at 0x00007f957b0d1969 to 0x00007f957b0d1b1b
Event: 50.392 Thread 0x00007f94fc1b4490 Exception <a 'java/lang/NoSuchMethodError'{0x00000000f621e0e0}: 'java.lang.Object java.lang.invoke.DirectMethodHandle$Holder.invokeStatic(java.lang.Object, int, java.lang.Object, java.lang.Object, java.lang.Object, java.lang.Object)'> (0x00000000f621e0e0) 
thrown [src/hotspot/share/interpreter/linkResolver.cpp, line 758]
Event: 50.574 Thread 0x00007f95204b7320 Implicit null exception at 0x00007f957b17f4b5 to 0x00007f957b17f9e1
Event: 50.973 Thread 0x00007f94fc1b4490 Exception <a 'java/lang/NoSuchMethodError'{0x00000000f75648f8}: 'void java.lang.invoke.DirectMethodHandle$Holder.invokeSpecial(java.lang.Object, java.lang.Object, int)'> (0x00000000f75648f8) 
thrown [src/hotspot/share/interpreter/linkResolver.cpp, line 758]
Event: 50.997 Thread 0x00007f94f8001130 Exception <a 'java/lang/NoSuchMethodError'{0x00000000f78e4920}: 'java.lang.Object java.lang.invoke.DirectMethodHandle$Holder.newInvokeSpecial(java.lang.Object, java.lang.Object, int, java.lang.Object, java.lang.Object)'> (0x00000000f78e4920) 
thrown [src/hotspot/share/interpreter/linkResolver.cpp, line 758]
Event: 50.998 Thread 0x00007f94f8001130 Exception <a 'java/lang/NoSuchMethodError'{0x00000000f78e9638}: 'java.lang.Object java.lang.invoke.DirectMethodHandle$Holder.invokeSpecial(java.lang.Object, java.lang.Object, java.lang.Object, int, java.lang.Object, java.lang.Object)'> (0x00000000f78e9638) 
thrown [src/hotspot/share/interpreter/linkResolver.cpp, line 758]
Event: 50.998 Thread 0x00007f94f8001130 Exception <a 'java/lang/NoSuchMethodError'{0x00000000f78edfc8}: 'java.lang.Object java.lang.invoke.Invokers$Holder.linkToTargetMethod(java.lang.Object, int, java.lang.Object, java.lang.Object, java.lang.Object)'> (0x00000000f78edfc8) 
thrown [src/hotspot/share/interpreter/linkResolver.cpp, line 758]
Event: 52.481 Thread 0x00007f94fc1b4490 Exception <a 'java/lang/NoSuchMethodError'{0x00000000f6ebf6b8}: 'int java.lang.invoke.DirectMethodHandle$Holder.invokeSpecialIFC(java.lang.Object, java.lang.Object, java.lang.Object, java.lang.Object)'> (0x00000000f6ebf6b8) 
thrown [src/hotspot/share/interpreter/linkResolver.cpp, line 758]
Event: 845.940 Thread 0x00007f958c0b21d0 Exception <a 'java/lang/OutOfMemoryError'{0x00000000e0003bd0}> (0x00000000e0003bd0) 
thrown [src/hotspot/share/gc/shared/memAllocator.cpp, line 136]

VM Operations (20 events):
Event: 826.330 Executing VM operation: ParallelGCFailedAllocation
Event: 828.171 Executing VM operation: ParallelGCFailedAllocation done
Event: 828.172 Executing VM operation: ParallelGCFailedAllocation
Event: 830.005 Executing VM operation: ParallelGCFailedAllocation done
Event: 830.005 Executing VM operation: ParallelGCFailedAllocation
Event: 832.322 Executing VM operation: ParallelGCFailedAllocation done
Event: 832.322 Executing VM operation: ParallelGCFailedAllocation
Event: 834.021 Executing VM operation: ParallelGCFailedAllocation done
Event: 834.021 Executing VM operation: ParallelGCFailedAllocation
Event: 835.797 Executing VM operation: ParallelGCFailedAllocation done
Event: 835.798 Executing VM operation: ParallelGCFailedAllocation
Event: 837.532 Executing VM operation: ParallelGCFailedAllocation done
Event: 837.533 Executing VM operation: ParallelGCFailedAllocation
Event: 839.187 Executing VM operation: ParallelGCFailedAllocation done
Event: 839.187 Executing VM operation: ParallelGCFailedAllocation
Event: 840.873 Executing VM operation: ParallelGCFailedAllocation done
Event: 840.874 Executing VM operation: ParallelGCFailedAllocation
Event: 842.530 Executing VM operation: ParallelGCFailedAllocation done
Event: 842.530 Executing VM operation: ParallelGCFailedAllocation
Event: 845.940 Executing VM operation: ParallelGCFailedAllocation done

Events (20 events):
Event: 52.389 Thread 0x00007f958c0b4b30 flushing nmethod 0x00007f9574928810
Event: 52.389 Thread 0x00007f958c0b4b30 flushing nmethod 0x00007f957494d690
Event: 52.389 Thread 0x00007f958c0b4b30 flushing nmethod 0x00007f957494db90
Event: 52.389 Thread 0x00007f958c0b4b30 flushing nmethod 0x00007f9574950a90
Event: 52.389 Thread 0x00007f958c0b4b30 flushing nmethod 0x00007f9574964d90
Event: 52.571 Thread 0x00007f94fc1b4490 Thread exited: 0x00007f94fc1b4490
Event: 61.401 Thread 0x00007f958c227390 Thread exited: 0x00007f958c227390
Event: 98.496 Thread 0x00007f94e0006b20 Thread exited: 0x00007f94e0006b20
Event: 113.597 Thread 0x00007f94f0000ff0 Thread exited: 0x00007f94f0000ff0
Event: 113.597 Thread 0x00007f94f8001130 Thread exited: 0x00007f94f8001130
Event: 119.693 Thread 0x00007f94f0002340 Thread exited: 0x00007f94f0002340
Event: 370.075 loading class java/io/InterruptedIOException
Event: 380.796 loading class java/io/InterruptedIOException done
Event: 380.796 loading class javax/net/ssl/SSLException
Event: 380.796 loading class javax/net/ssl/SSLException done
Event: 382.392 loading class java/lang/AssertionError
Event: 382.393 loading class java/lang/AssertionError done
Event: 401.017 Thread 0x00007f94f441fff0 Thread exited: 0x00007f94f441fff0
Event: 401.017 Thread 0x00007f94e0005750 Thread exited: 0x00007f94e0005750
Event: 434.008 Thread 0x00007f94f4420b10 Thread exited: 0x00007f94f4420b10


Dynamic libraries:
e0000000-f5580000 rw-p 00000000 00:00 0 
f5580000-f9e00000 rw-p 00000000 00:00 0 
f9e00000-100000000 ---p 00000000 00:00 0 
800000000-800449000 rw-p 00001000 00:1201 4611686019135357769            /nix/store/gpxl5qgg8kicmcvivwmybwjlpf7wh20l-graalvm17-ce-22.3.0/lib/server/classes.jsa
800449000-800bc8000 r--p 0044a000 00:1201 4611686019135357769            /nix/store/gpxl5qgg8kicmcvivwmybwjlpf7wh20l-graalvm17-ce-22.3.0/lib/server/classes.jsa
800bc8000-800c00000 ---p 00000000 00:00 0 
800c00000-800c20000 rw-p 00000000 00:00 0 
800c20000-800c40000 rw-p 00000000 00:00 0 
800c40000-800cc0000 rw-p 00000000 00:00 0 
800cc0000-800d00000 rw-p 00000000 00:00 0 
800d00000-800dc0000 rw-p 00000000 00:00 0 
800dc0000-800e00000 rw-p 00000000 00:00 0 
800e00000-800f40000 rw-p 00000000 00:00 0 
800f40000-800fc0000 rw-p 00000000 00:00 0 
800fc0000-801000000 rw-p 00000000 00:00 0 
801000000-801230000 rw-p 00000000 00:00 0 
801230000-840c00000 ---p 00000000 00:00 0 
55741a92e000-55741a92f000 r-xp 00000000 00:1201 4611686019099417844      /nix/store/gpxl5qgg8kicmcvivwmybwjlpf7wh20l-graalvm17-ce-22.3.0/bin/.java-wrapped
55741a930000-55741a931000 r--p 00001000 00:1201 4611686019099417844      /nix/store/gpxl5qgg8kicmcvivwmybwjlpf7wh20l-graalvm17-ce-22.3.0/bin/.java-wrapped
55741a931000-55741a932000 rw-p 00002000 00:1201 4611686019099417844      /nix/store/gpxl5qgg8kicmcvivwmybwjlpf7wh20l-graalvm17-ce-22.3.0/bin/.java-wrapped
55741a932000-55741a933000 rw-p 00004000 00:1201 4611686019099417844      /nix/store/gpxl5qgg8kicmcvivwmybwjlpf7wh20l-graalvm17-ce-22.3.0/bin/.java-wrapped
55741a933000-55741a934000 rw-p 00005000 00:1201 4611686019099417844      /nix/store/gpxl5qgg8kicmcvivwmybwjlpf7wh20l-graalvm17-ce-22.3.0/bin/.java-wrapped
55741bc7e000-55741bcc6000 rw-p 00000000 00:00 0                          [heap]
7f94c8000000-7f94c82cf000 rw-p 00000000 00:00 0 
7f94c82cf000-7f94cc000000 ---p 00000000 00:00 0 
7f94d0000000-7f94d0021000 rw-p 00000000 00:00 0 
7f94d0021000-7f94d4000000 ---p 00000000 00:00 0 
7f94d4000000-7f94d4021000 rw-p 00000000 00:00 0 
7f94d4021000-7f94d8000000 ---p 00000000 00:00 0 
7f94d8000000-7f94d8021000 rw-p 00000000 00:00 0 
7f94d8021000-7f94dc000000 ---p 00000000 00:00 0 
7f94dc000000-7f94dc021000 rw-p 00000000 00:00 0 
7f94dc021000-7f94e0000000 ---p 00000000 00:00 0 
7f94e0000000-7f94e0021000 rw-p 00000000 00:00 0 
7f94e0021000-7f94e4000000 ---p 00000000 00:00 0 
7f94e4800000-7f94e4c60000 rw-p 00000000 00:00 0 
7f94e4c60000-7f94e4d00000 ---p 00000000 00:00 0 
7f94e4d00000-7f94e4d10000 rw-p 00000000 00:00 0 
7f94e4d10000-7f94e5000000 ---p 00000000 00:00 0 
7f94e5800000-7f94e5cc0000 rw-p 00000000 00:00 0 
7f94e5cc0000-7f94e6000000 rw-p 00000000 00:00 0 
7f94e64b3000-7f94f0000000 r--s 00000000 00:1201 4611686019135192581      /nix/store/gpxl5qgg8kicmcvivwmybwjlpf7wh20l-graalvm17-ce-22.3.0/lib/modules
7f94f0000000-7f94f0040000 rw-p 00000000 00:00 0 
7f94f0040000-7f94f4000000 ---p 00000000 00:00 0 
7f94f4000000-7f94f44db000 rw-p 00000000 00:00 0 
7f94f44db000-7f94f8000000 ---p 00000000 00:00 0 
7f94f8000000-7f94f80fd000 rw-p 00000000 00:00 0 
7f94f80fd000-7f94fc000000 ---p 00000000 00:00 0 
7f94fc000000-7f94fc1d1000 rw-p 00000000 00:00 0 
7f94fc1d1000-7f9500000000 ---p 00000000 00:00 0 
7f9500000000-7f9500021000 rw-p 00000000 00:00 0 
7f9500021000-7f9504000000 ---p 00000000 00:00 0 
7f9504000000-7f9504021000 rw-p 00000000 00:00 0 
7f9504021000-7f9508000000 ---p 00000000 00:00 0 
7f9508000000-7f9508044000 rw-p 00000000 00:00 0 
7f9508044000-7f950c000000 ---p 00000000 00:00 0 
7f950c000000-7f950c05b000 rw-p 00000000 00:00 0 
7f950c05b000-7f9510000000 ---p 00000000 00:00 0 
7f9510000000-7f9510021000 rw-p 00000000 00:00 0 
7f9510021000-7f9514000000 ---p 00000000 00:00 0 
7f9514000000-7f9514354000 rw-p 00000000 00:00 0 
7f9514354000-7f9518000000 ---p 00000000 00:00 0 
7f9518000000-7f9518021000 rw-p 00000000 00:00 0 
7f9518021000-7f951c000000 ---p 00000000 00:00 0 
7f951c000000-7f951c045000 rw-p 00000000 00:00 0 
7f951c045000-7f9520000000 ---p 00000000 00:00 0 
7f9520000000-7f95208d4000 rw-p 00000000 00:00 0 
7f95208d4000-7f9524000000 ---p 00000000 00:00 0 
7f9524000000-7f9524025000 rw-p 00000000 00:00 0 
7f9524025000-7f9528000000 ---p 00000000 00:00 0 
7f9528000000-7f9528021000 rw-p 00000000 00:00 0 
7f9528021000-7f952c000000 ---p 00000000 00:00 0 
7f952c000000-7f952c021000 rw-p 00000000 00:00 0 
7f952c021000-7f9530000000 ---p 00000000 00:00 0 
7f9530000000-7f9530021000 rw-p 00000000 00:00 0 
7f9530021000-7f9534000000 ---p 00000000 00:00 0 
7f9534000000-7f9534180000 rw-p 00000000 00:00 0 
7f9534180000-7f9534200000 rw-p 00000000 00:00 0 
7f9534200000-7f9534500000 rw-p 00000000 00:00 0 
7f9534500000-7f9534600000 rw-p 00000000 00:00 0 
7f9534600000-7f9534800000 rw-p 00000000 00:00 0 
7f9534800000-7f9534880000 rw-p 00000000 00:00 0 
7f9534880000-7f9534900000 rw-p 00000000 00:00 0 
7f9534900000-7f9534b00000 rw-p 00000000 00:00 0 
7f9534b00000-7f9534d00000 rw-p 00000000 00:00 0 
7f9534d00000-7f9535000000 rw-p 00000000 00:00 0 
7f9535000000-7f9535100000 rw-p 00000000 00:00 0 
7f9535100000-7f9535200000 rw-p 00000000 00:00 0 
7f9535200000-7f9535780000 rw-p 00000000 00:00 0 
7f9535780000-7f9535800000 rw-p 00000000 00:00 0 
7f9535800000-7f9535900000 rw-p 00000000 00:00 0 
7f9535900000-7f9535a00000 rw-p 00000000 00:00 0 
7f9535a00000-7f9535f00000 rw-p 00000000 00:00 0 
7f9535f00000-7f9536000000 rw-p 00000000 00:00 0 
7f9536200000-7f9536210000 r-xp 00000000 00:11f7 356                      /home/runner/.cache/jdt-language-server/config/org.eclipse.equinox.launcher/org.eclipse.equinox.launcher.gtk.linux.x86_64_1.2.400.v20211117-0650/eclipse_11600.so
7f9536210000-7f953640f000 ---p 00010000 00:11f7 356                      /home/runner/.cache/jdt-language-server/config/org.eclipse.equinox.launcher/org.eclipse.equinox.launcher.gtk.linux.x86_64_1.2.400.v20211117-0650/eclipse_11600.so
7f953640f000-7f9536410000 r--p 0000f000 00:11f7 356                      /home/runner/.cache/jdt-language-server/config/org.eclipse.equinox.launcher/org.eclipse.equinox.launcher.gtk.linux.x86_64_1.2.400.v20211117-0650/eclipse_11600.so
7f9536410000-7f9536411000 rw-p 00010000 00:11f7 356                      /home/runner/.cache/jdt-language-server/config/org.eclipse.equinox.launcher/org.eclipse.equinox.launcher.gtk.linux.x86_64_1.2.400.v20211117-0650/eclipse_11600.so
7f9537500000-7f9537600000 ---p 00000000 00:00 0 
7f9537600000-7f9537baf000 r--p 01122000 00:1201 4611686019135190040      /nix/store/gpxl5qgg8kicmcvivwmybwjlpf7wh20l-graalvm17-ce-22.3.0/lib/libjvmcicompiler.so
7f9537baf000-7f9537d00000 r--p 00000000 00:00 0 
7f9537d00000-7f9537d3d000 rw-p 00000000 00:00 0 
7f9537d3d000-7f953825d000 rw-p 0185f000 00:1201 4611686019135190040      /nix/store/gpxl5qgg8kicmcvivwmybwjlpf7wh20l-graalvm17-ce-22.3.0/lib/libjvmcicompiler.so
7f953825d000-7f9538644000 r--p 01d7f000 00:1201 4611686019135190040      /nix/store/gpxl5qgg8kicmcvivwmybwjlpf7wh20l-graalvm17-ce-22.3.0/lib/libjvmcicompiler.so
7f9538700000-7f9538704000 ---p 00000000 00:00 0 
7f9538704000-7f9538800000 rw-p 00000000 00:00 0 
7f9538900000-7f9538904000 ---p 00000000 00:00 0 
7f9538904000-7f9538a00000 rw-p 00000000 00:00 0 
7f9538b00000-7f9538b04000 ---p 00000000 00:00 0 
7f9538b04000-7f9538c00000 rw-p 00000000 00:00 0 
7f9538d00000-7f9538d04000 ---p 00000000 00:00 0 
7f9538d04000-7f9538e00000 rw-p 00000000 00:00 0 
7f9538f00000-7f9538f04000 ---p 00000000 00:00 0 
7f9538f04000-7f9539000000 rw-p 00000000 00:00 0 
7f9539100000-7f9539104000 ---p 00000000 00:00 0 
7f9539104000-7f9539200000 rw-p 00000000 00:00 0 
7f9539300000-7f9539304000 ---p 00000000 00:00 0 
7f9539304000-7f9539400000 rw-p 00000000 00:00 0 
7f9539500000-7f9539504000 ---p 00000000 00:00 0 
7f9539504000-7f9539600000 rw-p 00000000 00:00 0 
7f9539700000-7f9539704000 ---p 00000000 00:00 0 
7f9539704000-7f9539800000 rw-p 00000000 00:00 0 
7f9539900000-7f9539904000 ---p 00000000 00:00 0 
7f9539904000-7f9539a00000 rw-p 00000000 00:00 0 
7f9539b00000-7f9539b04000 ---p 00000000 00:00 0 
7f9539b04000-7f9539c00000 rw-p 00000000 00:00 0 
7f9539c00000-7f953bd6a000 r-xp 00000000 00:1201 4611686019135190040      /nix/store/gpxl5qgg8kicmcvivwmybwjlpf7wh20l-graalvm17-ce-22.3.0/lib/libjvmcicompiler.so
7f953bd6a000-7f953bf69000 ---p 0216a000 00:1201 4611686019135190040      /nix/store/gpxl5qgg8kicmcvivwmybwjlpf7wh20l-graalvm17-ce-22.3.0/lib/libjvmcicompiler.so
7f953bf69000-7f953bf6a000 r--p 02169000 00:1201 4611686019135190040      /nix/store/gpxl5qgg8kicmcvivwmybwjlpf7wh20l-graalvm17-ce-22.3.0/lib/libjvmcicompiler.so
7f953bf6a000-7f953bf6c000 rw-p 0216a000 00:1201 4611686019135190040      /nix/store/gpxl5qgg8kicmcvivwmybwjlpf7wh20l-graalvm17-ce-22.3.0/lib/libjvmcicompiler.so
7f953bf6c000-7f953bf6d000 rw-p 00000000 00:00 0 
7f953bf6d000-7f953bf72000 rw-p 023c3000 00:1201 4611686019135190040      /nix/store/gpxl5qgg8kicmcvivwmybwjlpf7wh20l-graalvm17-ce-22.3.0/lib/libjvmcicompiler.so
7f953c000000-7f953c021000 rw-p 00000000 00:00 0 
7f953c021000-7f9540000000 ---p 00000000 00:00 0 
7f9540000000-7f9540021000 rw-p 00000000 00:00 0 
7f9540021000-7f9544000000 ---p 00000000 00:00 0 
7f9544000000-7f9544021000 rw-p 00000000 00:00 0 
7f9544021000-7f9548000000 ---p 00000000 00:00 0 
7f9548000000-7f9548021000 rw-p 00000000 00:00 0 
7f9548021000-7f954c000000 ---p 00000000 00:00 0 
7f954c000000-7f954c0d0000 rw-p 00000000 00:00 0 
7f954c0d0000-7f9550000000 ---p 00000000 00:00 0 
7f9550000000-7f9550b52000 rw-p 00000000 00:00 0 
7f9550b52000-7f9554000000 ---p 00000000 00:00 0 
7f9554000000-7f9554021000 rw-p 00000000 00:00 0 
7f9554021000-7f9558000000 ---p 00000000 00:00 0 
7f9558000000-7f9558021000 rw-p 00000000 00:00 0 
7f9558021000-7f955c000000 ---p 00000000 00:00 0 
7f955c000000-7f955c021000 rw-p 00000000 00:00 0 
7f955c021000-7f9560000000 ---p 00000000 00:00 0 
7f9560000000-7f9560021000 rw-p 00000000 00:00 0 
7f9560021000-7f9564000000 ---p 00000000 00:00 0 
7f9564000000-7f9564021000 rw-p 00000000 00:00 0 
7f9564021000-7f9568000000 ---p 00000000 00:00 0 
7f9568000000-7f9568021000 rw-p 00000000 00:00 0 
7f9568021000-7f956c000000 ---p 00000000 00:00 0 
7f956c000000-7f956c05b000 rw-p 00000000 00:00 0 
7f956c05b000-7f9570000000 ---p 00000000 00:00 0 
7f9570000000-7f9570004000 ---p 00000000 00:00 0 
7f9570004000-7f9570100000 rw-p 00000000 00:00 0 
7f9570200000-7f9570204000 ---p 00000000 00:00 0 
7f9570204000-7f9570300000 rw-p 00000000 00:00 0 
7f9570400000-7f9570404000 ---p 00000000 00:00 0 
7f9570404000-7f9570500000 rw-p 00000000 00:00 0 
7f9570500000-7f9570504000 ---p 00000000 00:00 0 
7f9570504000-7f9570600000 rw-p 00000000 00:00 0 
7f9570600000-7f9570604000 ---p 00000000 00:00 0 
7f9570604000-7f9570700000 rw-p 00000000 00:00 0 
7f9570800000-7f9570804000 ---p 00000000 00:00 0 
7f9570804000-7f9570900000 rw-p 00000000 00:00 0 
7f9570900000-7f9570904000 ---p 00000000 00:00 0 
7f9570904000-7f9570a00000 rw-p 00000000 00:00 0 
7f9570a00000-7f9570a04000 ---p 00000000 00:00 0 
7f9570a04000-7f9570b00000 rw-p 00000000 00:00 0 
7f9570b00000-7f9570b04000 ---p 00000000 00:00 0 
7f9570b04000-7f9570c00000 rw-p 00000000 00:00 0 
7f9570c00000-7f9570c04000 ---p 00000000 00:00 0 
7f9570c04000-7f9570d00000 rw-p 00000000 00:00 0 
7f9570e00000-7f9570e04000 ---p 00000000 00:00 0 
7f9570e04000-7f9570f00000 rw-p 00000000 00:00 0 
7f9571b68000-7f9572000000 rw-p 00000000 00:00 0 
7f95720fe000-7f95720ff000 ---p 00000000 00:00 0 
7f95720ff000-7f9572200000 rw-p 00000000 00:00 0 
7f9572200000-7f9572204000 ---p 00000000 00:00 0 
7f9572204000-7f9572300000 rw-p 00000000 00:00 0 
7f9572300000-7f9572304000 ---p 00000000 00:00 0 
7f9572304000-7f9572400000 rw-p 00000000 00:00 0 
7f9572400000-7f9572404000 ---p 00000000 00:00 0 
7f9572404000-7f9572500000 rw-p 00000000 00:00 0 
7f9572500000-7f9572504000 ---p 00000000 00:00 0 
7f9572504000-7f9572700000 rw-p 00000000 00:00 0 
7f9572700000-7f9572704000 ---p 00000000 00:00 0 
7f9572704000-7f9572900000 rw-p 00000000 00:00 0 
7f9572900000-7f9572904000 ---p 00000000 00:00 0 
7f9572904000-7f9572a00000 rw-p 00000000 00:00 0 
7f9572a00000-7f9572a04000 ---p 00000000 00:00 0 
7f9572a04000-7f9572b00000 rw-p 00000000 00:00 0 
7f9572b00000-7f9572b04000 ---p 00000000 00:00 0 
7f9572b04000-7f9573000000 rw-p 00000000 00:00 0 
7f9573000000-7f9573300000 rw-p 00000000 00:00 0 
7f9573300000-7f9573400000 rw-p 00000000 00:00 0 
7f95734b3000-7f9573723000 rwxp 00000000 00:00 0 
7f9573723000-7f9573a42000 ---p 00000000 00:00 0 
7f9573a42000-7f9574a22000 rwxp 00000000 00:00 0 
7f9574a22000-7f957af7a000 ---p 00000000 00:00 0 
7f957af7a000-7f957b1ea000 rwxp 00000000 00:00 0 
7f957b1ea000-7f95824b3000 ---p 00000000 00:00 0 
7f95824b3000-7f958c000000 r--s 00000000 00:1201 4611686019135192581      /nix/store/gpxl5qgg8kicmcvivwmybwjlpf7wh20l-graalvm17-ce-22.3.0/lib/modules
7f958c000000-7f958c632000 rw-p 00000000 00:00 0 
7f958c632000-7f9590000000 ---p 00000000 00:00 0 
7f9590066000-7f9590068000 r-xp 00000000 00:1201 4611686019135190017      /nix/store/gpxl5qgg8kicmcvivwmybwjlpf7wh20l-graalvm17-ce-22.3.0/lib/libextnet.so
7f9590068000-7f9590069000 r--p 00001000 00:1201 4611686019135190017      /nix/store/gpxl5qgg8kicmcvivwmybwjlpf7wh20l-graalvm17-ce-22.3.0/lib/libextnet.so
7f9590069000-7f959006a000 rw-p 00002000 00:1201 4611686019135190017      /nix/store/gpxl5qgg8kicmcvivwmybwjlpf7wh20l-graalvm17-ce-22.3.0/lib/libextnet.so
7f959006a000-7f959006b000 rw-p 00004000 00:1201 4611686019135190017      /nix/store/gpxl5qgg8kicmcvivwmybwjlpf7wh20l-graalvm17-ce-22.3.0/lib/libextnet.so
7f959006b000-7f959006f000 ---p 00000000 00:00 0 
7f959006f000-7f959008d000 rw-p 00000000 00:00 0 
7f959008d000-7f9590094000 r-xp 00000000 00:1201 4611686019135192580      /nix/store/gpxl5qgg8kicmcvivwmybwjlpf7wh20l-graalvm17-ce-22.3.0/lib/libzip.so
7f9590094000-7f9590095000 ---p 00007000 00:1201 4611686019135192580      /nix/store/gpxl5qgg8kicmcvivwmybwjlpf7wh20l-graalvm17-ce-22.3.0/lib/libzip.so
7f9590095000-7f9590096000 r--p 00007000 00:1201 4611686019135192580      /nix/store/gpxl5qgg8kicmcvivwmybwjlpf7wh20l-graalvm17-ce-22.3.0/lib/libzip.so
7f9590096000-7f9590097000 rw-p 00008000 00:1201 4611686019135192580      /nix/store/gpxl5qgg8kicmcvivwmybwjlpf7wh20l-graalvm17-ce-22.3.0/lib/libzip.so
7f9590097000-7f9590099000 rw-p 0000b000 00:1201 4611686019135192580      /nix/store/gpxl5qgg8kicmcvivwmybwjlpf7wh20l-graalvm17-ce-22.3.0/lib/libzip.so
7f9590099000-7f95900ae000 r-xp 00000000 00:1201 4611686019135192570      /nix/store/gpxl5qgg8kicmcvivwmybwjlpf7wh20l-graalvm17-ce-22.3.0/lib/libnet.so
7f95900ae000-7f95900af000 ---p 00015000 00:1201 4611686019135192570      /nix/store/gpxl5qgg8kicmcvivwmybwjlpf7wh20l-graalvm17-ce-22.3.0/lib/libnet.so
7f95900af000-7f95900b0000 r--p 00015000 00:1201 4611686019135192570      /nix/store/gpxl5qgg8kicmcvivwmybwjlpf7wh20l-graalvm17-ce-22.3.0/lib/libnet.so
7f95900b0000-7f95900b1000 rw-p 00016000 00:1201 4611686019135192570      /nix/store/gpxl5qgg8kicmcvivwmybwjlpf7wh20l-graalvm17-ce-22.3.0/lib/libnet.so
7f95900b1000-7f95900b4000 rw-p 0001b000 00:1201 4611686019135192570      /nix/store/gpxl5qgg8kicmcvivwmybwjlpf7wh20l-graalvm17-ce-22.3.0/lib/libnet.so
7f95900b4000-7f95900c7000 r-xp 00000000 00:1201 4611686019135192571      /nix/store/gpxl5qgg8kicmcvivwmybwjlpf7wh20l-graalvm17-ce-22.3.0/lib/libnio.so
7f95900c7000-7f95900c8000 r--p 00012000 00:1201 4611686019135192571      /nix/store/gpxl5qgg8kicmcvivwmybwjlpf7wh20l-graalvm17-ce-22.3.0/lib/libnio.so
7f95900c8000-7f95900c9000 rw-p 00013000 00:1201 4611686019135192571      /nix/store/gpxl5qgg8kicmcvivwmybwjlpf7wh20l-graalvm17-ce-22.3.0/lib/libnio.so
7f95900c9000-7f95900ce000 rw-p 00019000 00:1201 4611686019135192571      /nix/store/gpxl5qgg8kicmcvivwmybwjlpf7wh20l-graalvm17-ce-22.3.0/lib/libnio.so
7f95900ce000-7f95903b4000 r--p 00000000 00:10bb 28444448                 /usr/lib/locale/locale-archive
7f95903b4000-7f95903b8000 ---p 00000000 00:00 0 
7f95903b8000-7f95904b4000 rw-p 00000000 00:00 0 
7f95904b4000-7f95904b8000 ---p 00000000 00:00 0 
7f95904b8000-7f95905b4000 rw-p 00000000 00:00 0 
7f95905b4000-7f95905b5000 ---p 00000000 00:00 0 
7f95905b5000-7f95906b6000 rw-p 00000000 00:00 0 
7f95906b6000-7f9590784000 r-xp 00000000 00:1201 4611686019135190036      /nix/store/gpxl5qgg8kicmcvivwmybwjlpf7wh20l-graalvm17-ce-22.3.0/lib/libjsvml.so
7f9590784000-7f9590785000 r--p 000cd000 00:1201 4611686019135190036      /nix/store/gpxl5qgg8kicmcvivwmybwjlpf7wh20l-graalvm17-ce-22.3.0/lib/libjsvml.so
7f9590785000-7f9590786000 rw-p 000ce000 00:1201 4611686019135190036      /nix/store/gpxl5qgg8kicmcvivwmybwjlpf7wh20l-graalvm17-ce-22.3.0/lib/libjsvml.so
7f9590786000-7f959205e000 rw-p 00000000 00:00 0 
7f959205e000-7f959205f000 ---p 00000000 00:00 0 
7f959205f000-7f959220a000 rw-p 00000000 00:00 0 
7f959220a000-7f959222f000 rw-p 00000000 00:00 0 
7f959222f000-7f9592260000 ---p 00000000 00:00 0 
7f9592260000-7f9592266000 rw-p 00000000 00:00 0 
7f9592266000-7f959234c000 ---p 00000000 00:00 0 
7f959234c000-7f959236c000 rw-p 00000000 00:00 0 
7f959236c000-7f9592437000 ---p 00000000 00:00 0 
7f9592437000-7f959243c000 rw-p 00000000 00:00 0 
7f959243c000-7f9592443000 ---p 00000000 00:00 0 
7f9592443000-7f9592467000 r-xp 00000000 00:1201 4611686019135190028      /nix/store/gpxl5qgg8kicmcvivwmybwjlpf7wh20l-graalvm17-ce-22.3.0/lib/libjava.so
7f9592467000-7f9592468000 ---p 00024000 00:1201 4611686019135190028      /nix/store/gpxl5qgg8kicmcvivwmybwjlpf7wh20l-graalvm17-ce-22.3.0/lib/libjava.so
7f9592468000-7f9592469000 r--p 00024000 00:1201 4611686019135190028      /nix/store/gpxl5qgg8kicmcvivwmybwjlpf7wh20l-graalvm17-ce-22.3.0/lib/libjava.so
7f9592469000-7f959246a000 rw-p 00025000 00:1201 4611686019135190028      /nix/store/gpxl5qgg8kicmcvivwmybwjlpf7wh20l-graalvm17-ce-22.3.0/lib/libjava.so
7f959246a000-7f959246b000 rw-p 00000000 00:00 0 
7f959246b000-7f9592472000 rw-p 0002f000 00:1201 4611686019135190028      /nix/store/gpxl5qgg8kicmcvivwmybwjlpf7wh20l-graalvm17-ce-22.3.0/lib/libjava.so
7f9592472000-7f959247a000 rw-s 00000000 00:af9 353                       /tmp/hsperfdata_runner/27
7f959247a000-7f959247b000 ---p 00000000 00:00 0 
7f959247b000-7f959247c000 r--p 00000000 00:00 0 
7f959247c000-7f959247d000 rwxp 00000000 00:00 0 
7f959247d000-7f9592498000 r-xp 00000000 00:1201 4611686019135190032      /nix/store/gpxl5qgg8kicmcvivwmybwjlpf7wh20l-graalvm17-ce-22.3.0/lib/libjimage.so
7f9592498000-7f9592499000 ---p 0001b000 00:1201 4611686019135190032      /nix/store/gpxl5qgg8kicmcvivwmybwjlpf7wh20l-graalvm17-ce-22.3.0/lib/libjimage.so
7f9592499000-7f959249b000 r--p 0001b000 00:1201 4611686019135190032      /nix/store/gpxl5qgg8kicmcvivwmybwjlpf7wh20l-graalvm17-ce-22.3.0/lib/libjimage.so
7f959249b000-7f959249c000 rw-p 0001d000 00:1201 4611686019135190032      /nix/store/gpxl5qgg8kicmcvivwmybwjlpf7wh20l-graalvm17-ce-22.3.0/lib/libjimage.so
7f959249c000-7f959249d000 rw-p 00024000 00:1201 4611686019135190032      /nix/store/gpxl5qgg8kicmcvivwmybwjlpf7wh20l-graalvm17-ce-22.3.0/lib/libjimage.so
7f959249d000-7f95924a1000 ---p 00000000 00:00 0 
7f95924a1000-7f959259d000 rw-p 00000000 00:00 0 
7f959259d000-7f95925ab000 r--p 00000000 00:1201 4611686019027979927      /nix/store/4nlgxhb09sdr51nc9hdm8az5b08vzkgx-glibc-2.35-163/lib/libm.so.6
7f95925ab000-7f959261e000 r-xp 0000e000 00:1201 4611686019027979927      /nix/store/4nlgxhb09sdr51nc9hdm8az5b08vzkgx-glibc-2.35-163/lib/libm.so.6
7f959261e000-7f959267b000 r--p 00081000 00:1201 4611686019027979927      /nix/store/4nlgxhb09sdr51nc9hdm8az5b08vzkgx-glibc-2.35-163/lib/libm.so.6
7f959267b000-7f959267c000 r--p 000dd000 00:1201 4611686019027979927      /nix/store/4nlgxhb09sdr51nc9hdm8az5b08vzkgx-glibc-2.35-163/lib/libm.so.6
7f959267c000-7f959267d000 rw-p 000de000 00:1201 4611686019027979927      /nix/store/4nlgxhb09sdr51nc9hdm8az5b08vzkgx-glibc-2.35-163/lib/libm.so.6
7f959267d000-7f959267e000 r--p 00000000 00:1201 4611686019027979946      /nix/store/4nlgxhb09sdr51nc9hdm8az5b08vzkgx-glibc-2.35-163/lib/librt.so.1
7f959267e000-7f959267f000 r-xp 00001000 00:1201 4611686019027979946      /nix/store/4nlgxhb09sdr51nc9hdm8az5b08vzkgx-glibc-2.35-163/lib/librt.so.1
7f959267f000-7f9592680000 r--p 00002000 00:1201 4611686019027979946      /nix/store/4nlgxhb09sdr51nc9hdm8az5b08vzkgx-glibc-2.35-163/lib/librt.so.1
7f9592680000-7f9592681000 r--p 00002000 00:1201 4611686019027979946      /nix/store/4nlgxhb09sdr51nc9hdm8az5b08vzkgx-glibc-2.35-163/lib/librt.so.1
7f9592681000-7f9592682000 rw-p 00003000 00:1201 4611686019027979946      /nix/store/4nlgxhb09sdr51nc9hdm8az5b08vzkgx-glibc-2.35-163/lib/librt.so.1
7f9592682000-7f9593795000 r-xp 00000000 00:1201 4611686019135360866      /nix/store/gpxl5qgg8kicmcvivwmybwjlpf7wh20l-graalvm17-ce-22.3.0/lib/server/libjvm.so
7f9593795000-7f9593796000 ---p 01113000 00:1201 4611686019135360866      /nix/store/gpxl5qgg8kicmcvivwmybwjlpf7wh20l-graalvm17-ce-22.3.0/lib/server/libjvm.so
7f9593796000-7f959384b000 r--p 01113000 00:1201 4611686019135360866      /nix/store/gpxl5qgg8kicmcvivwmybwjlpf7wh20l-graalvm17-ce-22.3.0/lib/server/libjvm.so
7f959384b000-7f959387f000 rw-p 011c8000 00:1201 4611686019135360866      /nix/store/gpxl5qgg8kicmcvivwmybwjlpf7wh20l-graalvm17-ce-22.3.0/lib/server/libjvm.so
7f959387f000-7f95938db000 rw-p 00000000 00:00 0 
7f95938db000-7f9593903000 r--p 00000000 00:1201 4611686019027979918      /nix/store/4nlgxhb09sdr51nc9hdm8az5b08vzkgx-glibc-2.35-163/lib/libc.so.6
7f9593903000-7f9593a79000 r-xp 00028000 00:1201 4611686019027979918      /nix/store/4nlgxhb09sdr51nc9hdm8az5b08vzkgx-glibc-2.35-163/lib/libc.so.6
7f9593a79000-7f9593ad1000 r--p 0019e000 00:1201 4611686019027979918      /nix/store/4nlgxhb09sdr51nc9hdm8az5b08vzkgx-glibc-2.35-163/lib/libc.so.6
7f9593ad1000-7f9593ad5000 r--p 001f6000 00:1201 4611686019027979918      /nix/store/4nlgxhb09sdr51nc9hdm8az5b08vzkgx-glibc-2.35-163/lib/libc.so.6
7f9593ad5000-7f9593ad7000 rw-p 001fa000 00:1201 4611686019027979918      /nix/store/4nlgxhb09sdr51nc9hdm8az5b08vzkgx-glibc-2.35-163/lib/libc.so.6
7f9593ad7000-7f9593ae6000 rw-p 00000000 00:00 0 
7f9593ae6000-7f9593ae7000 r--p 00000000 00:1201 4611686019027979923      /nix/store/4nlgxhb09sdr51nc9hdm8az5b08vzkgx-glibc-2.35-163/lib/libdl.so.2
7f9593ae7000-7f9593ae8000 r-xp 00001000 00:1201 4611686019027979923      /nix/store/4nlgxhb09sdr51nc9hdm8az5b08vzkgx-glibc-2.35-163/lib/libdl.so.2
7f9593ae8000-7f9593ae9000 r--p 00002000 00:1201 4611686019027979923      /nix/store/4nlgxhb09sdr51nc9hdm8az5b08vzkgx-glibc-2.35-163/lib/libdl.so.2
7f9593ae9000-7f9593aea000 r--p 00002000 00:1201 4611686019027979923      /nix/store/4nlgxhb09sdr51nc9hdm8az5b08vzkgx-glibc-2.35-163/lib/libdl.so.2
7f9593aea000-7f9593aeb000 rw-p 00003000 00:1201 4611686019027979923      /nix/store/4nlgxhb09sdr51nc9hdm8az5b08vzkgx-glibc-2.35-163/lib/libdl.so.2
7f9593aeb000-7f9593aec000 r--p 00000000 00:1201 4611686019027979942      /nix/store/4nlgxhb09sdr51nc9hdm8az5b08vzkgx-glibc-2.35-163/lib/libpthread.so.0
7f9593aec000-7f9593aed000 r-xp 00001000 00:1201 4611686019027979942      /nix/store/4nlgxhb09sdr51nc9hdm8az5b08vzkgx-glibc-2.35-163/lib/libpthread.so.0
7f9593aed000-7f9593aee000 r--p 00002000 00:1201 4611686019027979942      /nix/store/4nlgxhb09sdr51nc9hdm8az5b08vzkgx-glibc-2.35-163/lib/libpthread.so.0
7f9593aee000-7f9593aef000 r--p 00002000 00:1201 4611686019027979942      /nix/store/4nlgxhb09sdr51nc9hdm8az5b08vzkgx-glibc-2.35-163/lib/libpthread.so.0
7f9593aef000-7f9593af0000 rw-p 00003000 00:1201 4611686019027979942      /nix/store/4nlgxhb09sdr51nc9hdm8az5b08vzkgx-glibc-2.35-163/lib/libpthread.so.0
7f9593af0000-7f9593afe000 r-xp 00000000 00:1201 4611686019135190033      /nix/store/gpxl5qgg8kicmcvivwmybwjlpf7wh20l-graalvm17-ce-22.3.0/lib/libjli.so
7f9593afe000-7f9593aff000 ---p 0000e000 00:1201 4611686019135190033      /nix/store/gpxl5qgg8kicmcvivwmybwjlpf7wh20l-graalvm17-ce-22.3.0/lib/libjli.so
7f9593aff000-7f9593b00000 r--p 0000e000 00:1201 4611686019135190033      /nix/store/gpxl5qgg8kicmcvivwmybwjlpf7wh20l-graalvm17-ce-22.3.0/lib/libjli.so
7f9593b00000-7f9593b01000 rw-p 0000f000 00:1201 4611686019135190033      /nix/store/gpxl5qgg8kicmcvivwmybwjlpf7wh20l-graalvm17-ce-22.3.0/lib/libjli.so
7f9593b01000-7f9593b02000 rw-p 00012000 00:1201 4611686019135190033      /nix/store/gpxl5qgg8kicmcvivwmybwjlpf7wh20l-graalvm17-ce-22.3.0/lib/libjli.so
7f9593b02000-7f9593b05000 r--p 00000000 00:1201 4611686019106210071      /nix/store/026hln0aq1hyshaxsdvhg0kmcm6yf45r-zlib-1.2.13/lib/libz.so.1.2.13
7f9593b05000-7f9593b17000 r-xp 00003000 00:1201 4611686019106210071      /nix/store/026hln0aq1hyshaxsdvhg0kmcm6yf45r-zlib-1.2.13/lib/libz.so.1.2.13
7f9593b17000-7f9593b1e000 r--p 00015000 00:1201 4611686019106210071      /nix/store/026hln0aq1hyshaxsdvhg0kmcm6yf45r-zlib-1.2.13/lib/libz.so.1.2.13
7f9593b1e000-7f9593b1f000 r--p 0001b000 00:1201 4611686019106210071      /nix/store/026hln0aq1hyshaxsdvhg0kmcm6yf45r-zlib-1.2.13/lib/libz.so.1.2.13
7f9593b1f000-7f9593b20000 rw-p 0001c000 00:1201 4611686019106210071      /nix/store/026hln0aq1hyshaxsdvhg0kmcm6yf45r-zlib-1.2.13/lib/libz.so.1.2.13
7f9593b20000-7f9593b22000 rw-p 00000000 00:00 0 
7f9593b22000-7f9593b24000 r--p 00000000 00:1201 4611686019027979912      /nix/store/4nlgxhb09sdr51nc9hdm8az5b08vzkgx-glibc-2.35-163/lib/ld-linux-x86-64.so.2
7f9593b24000-7f9593b4b000 r-xp 00002000 00:1201 4611686019027979912      /nix/store/4nlgxhb09sdr51nc9hdm8az5b08vzkgx-glibc-2.35-163/lib/ld-linux-x86-64.so.2
7f9593b4b000-7f9593b57000 r--p 00029000 00:1201 4611686019027979912      /nix/store/4nlgxhb09sdr51nc9hdm8az5b08vzkgx-glibc-2.35-163/lib/ld-linux-x86-64.so.2
7f9593b57000-7f9593b59000 r--p 00034000 00:1201 4611686019027979912      /nix/store/4nlgxhb09sdr51nc9hdm8az5b08vzkgx-glibc-2.35-163/lib/ld-linux-x86-64.so.2
7f9593b59000-7f9593b5b000 rw-p 00036000 00:1201 4611686019027979912      /nix/store/4nlgxhb09sdr51nc9hdm8az5b08vzkgx-glibc-2.35-163/lib/ld-linux-x86-64.so.2
7ffed2ce4000-7ffed2d09000 rw-p 00000000 00:00 0                          [stack]
7ffed2d1a000-7ffed2d1e000 r--p 00000000 00:00 0                          [vvar]
7ffed2d1e000-7ffed2d20000 r-xp 00000000 00:00 0                          [vdso]
ffffffffff600000-ffffffffff601000 --xp 00000000 00:00 0                  [vsyscall]


VM Arguments:
jvm_args: -XX:ThreadPriorityPolicy=1 -XX:+UnlockExperimentalVMOptions -XX:+EnableJVMCIProduct -XX:JVMCIThreadsPerNativeLibraryRuntime=1 -XX:-UnlockExperimentalVMOptions -Declipse.application=org.eclipse.jdt.ls.core.id1 -Dosgi.bundles.defaultStartLevel=4 -Declipse.product=org.eclipse.jdt.ls.core.product -Dlog.level=ALL -Xverify:none -XX:+UseParallelGC -XX:GCTimeRatio=4 -XX:AdaptiveSizePolicyWeight=90 -Dsun.zip.disableMemoryMapping=true -Xmx512m -Xms100m 
java_command: /nix/store/m6gcpi1ii6rghy04cjwjddcavv7i90df-jdt-language-server-1.9.0/share/java/plugins/org.eclipse.equinox.launcher_1.6.400.v20210924-0641.jar --add-modules=ALL-SYSTEM --add-opens java.base/java.util=ALL-UNNAMED --add-opens java.base/java.lang=ALL-UNNAMED -configuration /home/runner/.cache/jdt-language-server/config -data /home/runner/.cache/jdt-language-server/data/home/runner/Execicio08
java_class_path (initial): /nix/store/m6gcpi1ii6rghy04cjwjddcavv7i90df-jdt-language-server-1.9.0/share/java/plugins/org.eclipse.equinox.launcher_1.6.400.v20210924-0641.jar
Launcher Type: SUN_STANDARD

[Global flags]
    uintx AdaptiveSizePolicyWeight                 = 90                                        {product} {command line}
     intx CICompilerCount                          = 2                                         {product} {ergonomic}
     bool EnableJVMCIProduct                       = true                                {JVMCI product} {jimage}
    uintx GCTimeRatio                              = 4                                         {product} {command line}
   size_t InitialHeapSize                          = 104857600                                 {product} {command line}
     uint JVMCIThreadsPerNativeLibraryRuntime      = 1                                   {JVMCI product} {jimage}
   size_t MaxHeapSize                              = 536870912                                 {product} {command line}
   size_t MaxNewSize                               = 178782208                                 {product} {ergonomic}
   size_t MinHeapDeltaBytes                        = 524288                                    {product} {ergonomic}
   size_t MinHeapSize                              = 104857600                                 {product} {command line}
   size_t NewSize                                  = 34603008                                  {product} {ergonomic}
    uintx NonNMethodCodeHeapSize                   = 5826188                                {pd product} {ergonomic}
    uintx NonProfiledCodeHeapSize                  = 122916026                              {pd product} {ergonomic}
   size_t OldSize                                  = 70254592                                  {product} {ergonomic}
    uintx ProfiledCodeHeapSize                     = 122916026                              {pd product} {ergonomic}
    uintx ReservedCodeCacheSize                    = 251658240                              {pd product} {ergonomic}
     bool SegmentedCodeCache                       = true                                      {product} {ergonomic}
   size_t SoftMaxHeapSize                          = 536870912                              {manageable} {ergonomic}
     intx ThreadPriorityPolicy                     = 1                                         {product} {jimage}
     bool UseCompressedClassPointers               = true                           {product lp64_product} {ergonomic}
     bool UseCompressedOops                        = true                           {product lp64_product} {ergonomic}
     bool UseParallelGC                            = true                                      {product} {command line}

Logging:
Log output configuration:
 #0: stdout all=warning uptime,level,tags
 #1: stderr all=off uptime,level,tags

Environment Variables:
JAVA_HOME=/nix/store/gpxl5qgg8kicmcvivwmybwjlpf7wh20l-graalvm17-ce-22.3.0
PATH=/nix/store/1d6ian3r8kdzspw8hacjhl3xkp40g1lj-binutils-wrapper-2.39/bin:/nix/store/dq0xwmsk1g0i2ayg6pb7y87na2knzylh-gcc-wrapper-11.3.0/bin:/nix/store/bap4d0lpcrhpwmpb8ayjcgkmvfj62lnq-bash-interactive-5.1-p16/bin:/nix/store/pr5n59mb4jzmfx6kanwxly0l07p861fg-patchelf-0.15.0/bin:/nix/store/1gf2flfqnpqbr1b4p4qz2f72y42bs56r-gcc-11.3.0/bin:/nix/store/57xv61c5zi8pphjbcwxxjlgc34p61ic9-glibc-2.35-163-bin/bin:/nix/store/a7gvj343m05j2s32xcnwr35v31ynlypr-coreutils-9.1/bin:/nix/store/039g378vc3pc3dvi9dzdlrd0i4q93qwf-binutils-2.39/bin:/nix/store/gpxl5qgg8kicmcvivwmybwjlpf7wh20l-graalvm17-ce-22.3.0/bin:/nix/store/6z9ag3ihc8mq2hzsw48lhbznvzny65nz-apache-maven-3.8.6/bin:/nix/store/m6gcpi1ii6rghy04cjwjddcavv7i90df-jdt-language-server-1.9.0/bin:/nix/store/84xs5alhs01zrbr4ywm05kxbjbp5590l-java-debug/bin:/nix/store/mydc6f4k2z73xlcz7ilif3v2lcaiqvza-findutils-4.9.0/bin:/nix/store/j9p3g8472iijd50vhdprx0nmk2fqn5gv-diffutils-3.8/bin:/nix/store/89zs7rms6x00xfq4dq6m7mjnhkr8a6r4-gnused-4.8/bin:/nix/store/86bp03jkmsl6f92w0yzg4s59g5mhxwmy-gnugrep-3.7/bin:/nix/store/hwcdqw4jrjnd37wxqgsd47hd0j8bnj09-gawk-5.1.1/bin:/nix/store/cfbhw8r8ags41vwqaz47r583d0p4h4a1-gnutar-1.34/bin:/nix/store/p3m1ndl1lapwrlh698bnb5lvvxh67378-gzip-1.12/bin:/nix/store/a8mhcagrsly7c7mpjrpsnaahk4aax056-bzip2-1.0.8-bin/bin:/nix/store/mblgz65m3zv9x548a3d5m96fj2pbwr09-gnumake-4.3/bin:/nix/store/dsd5gz46hdbdk2rfdimqddhq6m8m8fqs-bash-5.1-p16/bin:/nix/store/v7ljksji50mg3w61dykaa3n3y79n6nil-patch-2.7.6/bin:/nix/store/zlcnmqq14jz5x9439jf937mvayyl63da-xz-5.2.7-bin/bin:/nix/store/y6aj732zm9m87c82fpvf103a1xb22blp-file-5.43/bin:/nix/store/i4kzir3m7mrisxmf5xvlnkw01x4qaqr4-prybar-elisp-0.0.0-e0d9a52/bin:/nix/store/lwwivxf6h7x3cvxp9zv8sj0mv7dak99r-prybar-lua-0.0.0-e0d9a52/bin:/nix/store/gxj28g1cg4hq3qanmjv07156h800qr58-prybar-python3-0.0.0-e0d9a52/bin:/nix/store/hshkjnxrgidigf8x75vg6lqng2xlx9i3-prybar-sqlite-0.0.0-e0d9a52/bin:/nix/store/c4w01bpjgyy5ixmwdk8m1pw87zq4sl26-prybar-tcl-0.0.0-e0d9a52/bin:/nix/store/hpbvrlwd5viqmvcaisb3x0118i913a9n-st
LD_LIBRARY_PATH=/nix/store/a4pff549sk2idnkpzk5nsfps3mdkdnvm-cups-2.4.2-lib/lib:/nix/store/72mqxxhh3cy5yifh92wh2yb8cl2hikyy-cairo-1.16.0/lib:/nix/store/2k366jrbsra97gjfxwvrhvixjfxdach5-glib-2.74.1/lib:/nix/store/2j2znigd8ak37rlwh9khz0ry3clqlw1l-gtk+3-3.24.34/lib:/nix/store/hisqvx32cd57apbpcsnkpx6k3549wql1-libglvnd-1.4.0/lib:/nix/store/p36pgcv991mq5srvg765b78yqpxvk3qs-mesa-21.3.3-drivers/lib:/nix/store/mav4251if1ahjq5vkpwycyyvnmy459c4-pulseaudio-14.2/lib
DISPLAY=:0
LANG=en_US.UTF-8

Signal Handlers:
   SIGSEGV: crash_handler in libjvm.so, mask=11100100010111111101111111111110, flags=SA_RESTART|SA_SIGINFO
    SIGBUS: crash_handler in libjvm.so, mask=11100100010111111101111111111110, flags=SA_RESTART|SA_SIGINFO
    SIGFPE: crash_handler in libjvm.so, mask=11100100010111111101111111111110, flags=SA_RESTART|SA_SIGINFO
   SIGPIPE: IsolateEnterStub_IgnoreSIGPIPEStartupHook_noopSignalHandler_8f19bff2f35b5f630d83b364d6b2339320d4ec70_216e8361c6bc87a8f89f58cc10d3b2fd4415bf87 in libjvmcicompiler.so, mask=00000000000000000000000000000000, flags=SA_RESTART
  *** Handler was modified!
  *** Expected: javaSignalHandler in libjvm.so, mask=11100100110111111111111111111110, flags=SA_RESTART|SA_SIGINFO
   SIGXFSZ: javaSignalHandler in libjvm.so, mask=11100100010111111101111111111110, flags=SA_RESTART|SA_SIGINFO
    SIGILL: crash_handler in libjvm.so, mask=11100100010111111101111111111110, flags=SA_RESTART|SA_SIGINFO
   SIGUSR2: SR_handler in libjvm.so, mask=00000000000000000000000000000000, flags=SA_RESTART|SA_SIGINFO
    SIGHUP: UserHandler in libjvm.so, mask=11100100010111111101111111111110, flags=SA_RESTART|SA_SIGINFO
    SIGINT: UserHandler in libjvm.so, mask=11100100010111111101111111111110, flags=SA_RESTART|SA_SIGINFO
   SIGTERM: UserHandler in libjvm.so, mask=11100100010111111101111111111110, flags=SA_RESTART|SA_SIGINFO
   SIGQUIT: UserHandler in libjvm.so, mask=11100100010111111101111111111110, flags=SA_RESTART|SA_SIGINFO
  *** Handler was modified!
  *** Expected: javaSignalHandler in libjvm.so, mask=11100100110111111111111111111110, flags=SA_RESTART|SA_SIGINFO
   SIGTRAP: crash_handler in libjvm.so, mask=11100100010111111101111111111110, flags=SA_RESTART|SA_SIGINFO


---------------  S Y S T E M  ---------------

OS:
DISTRIB_ID=Ubuntu
DISTRIB_RELEASE=20.04
DISTRIB_CODENAME=focal
DISTRIB_DESCRIPTION="Ubuntu 20.04.2 LTS"
uname: Linux 5.15.0-1031-gcp #38~20.04.1-Ubuntu SMP Sun Mar 12 04:47:58 UTC 2023 x86_64
OS uptime: 0 days 17:06 hours
libc: glibc 2.35 NPTL 2.35 
rlimit (soft/hard): STACK 8192k/infinity , CORE infinity/infinity , NPROC infinity/infinity , NOFILE 5242/5242 , AS infinity/infinity , CPU infinity/infinity , DATA infinity/infinity , FSIZE infinity/infinity , MEMLOCK 64k/64k
load average: 12.39 13.83 13.50

/proc/meminfo:
MemTotal:       65852712 kB
MemFree:         6700740 kB
MemAvailable:   35484428 kB
Buffers:         3436924 kB
Cached:         23706808 kB
SwapCached:            0 kB
Active:         12634664 kB
Inactive:       40959264 kB
Active(anon):      18700 kB
Inactive(anon): 26169396 kB
Active(file):   12615964 kB
Inactive(file): 14789868 kB
Unevictable:       43336 kB
Mlocked:           43336 kB
SwapTotal:             0 kB
SwapFree:              0 kB
Dirty:              4444 kB
Writeback:           324 kB
AnonPages:      24710636 kB
Mapped:          2222840 kB
Shmem:             53484 kB
KReclaimable:    2104456 kB
Slab:            4398300 kB
SReclaimable:    2104456 kB
SUnreclaim:      2293844 kB
KernelStack:      429132 kB
PageTables:       257488 kB
NFS_Unstable:          0 kB
Bounce:                0 kB
WritebackTmp:          0 kB
CommitLimit:    32926356 kB
Committed_AS:   84254984 kB
VmallocTotal:   34359738367 kB
VmallocUsed:      482848 kB
VmallocChunk:          0 kB
Percpu:            83584 kB
HardwareCorrupted:     0 kB
AnonHugePages:   4218880 kB
ShmemHugePages:        0 kB
ShmemPmdMapped:        0 kB
FileHugePages:         0 kB
FilePmdMapped:         0 kB
HugePages_Total:       0
HugePages_Free:        0
HugePages_Rsvd:        0
HugePages_Surp:        0
Hugepagesize:       2048 kB
Hugetlb:               0 kB
DirectMap4k:     6105920 kB
DirectMap2M:    54708224 kB
DirectMap1G:     8388608 kB

/sys/kernel/mm/transparent_hugepage/enabled: always [madvise] never
/sys/kernel/mm/transparent_hugepage/defrag (defrag/compaction efforts parameter): always defer defer+madvise [madvise] never

Process Memory:
Virtual Size: 4788316K (peak: 4868928K)
Resident Set Size: 769576K (peak: 801496K) (anon: 572704K, file: 196872K, shmem: 0K)
Swapped out: 0K
C-Heap outstanding allocations: 43417K, retained: 14858K
glibc malloc tunables: (default)

/proc/sys/kernel/threads-max (system-wide limit on the number of threads): 514406
/proc/sys/vm/max_map_count (maximum number of memory map areas a process may have): 65530
/proc/sys/kernel/pid_max (system-wide limit on number of process identifiers): 4194304

container (cgroup) information:
container_type: cgroupv1
cpu_cpuset_cpus: 2-7
cpu_memory_nodes: 0
active_processor_count: 1
cpu_quota: 50000
cpu_period: 100000
cpu_shares: 512
memory_limit_in_bytes: 1048576 k
memory_and_swap_limit_in_bytes: 1048576 k
memory_soft_limit_in_bytes: 524288 k
memory_usage_in_bytes: 612832 k
memory_max_usage_in_bytes: 640184 k
maximum number of tasks: 1000
current number of tasks: 44

KVM virtualization detected
Steal ticks since vm start: 0
Steal ticks percentage since vm start:  0.000

CPU: total 8 (initial active 1) (8 cores per cpu, 2 threads per core) family 23 model 49 stepping 0 microcode 0xffffffff, cx8, cmov, fxsr, ht, mmx, 3dnowpref, sse, sse2, sse3, ssse3, sse4a, sse4.1, sse4.2, popcnt, lzcnt, tsc, tscinvbit, avx, avx2, aes, clmul, bmi1, bmi2, adx, sha, fma, vzeroupper, clflush, clflushopt, hv
CPU Model and flags from /proc/cpuinfo:
model name	: AMD EPYC 7B12
flags		: fpu vme de pse tsc msr pae mce cx8 apic sep mtrr pge mca cmov pat pse36 clflush mmx fxsr sse sse2 ht syscall nx mmxext fxsr_opt pdpe1gb rdtscp lm constant_tsc rep_good nopl nonstop_tsc cpuid extd_apicid tsc_known_freq pni pclmulqdq ssse3 fma cx16 sse4_1 sse4_2 movbe popcnt aes xsave avx f16c rdrand hypervisor lahf_lm cmp_legacy cr8_legacy abm sse4a misalignsse 3dnowprefetch osvw topoext ssbd ibrs ibpb stibp vmmcall fsgsbase tsc_adjust bmi1 avx2 smep bmi2 rdseed adx smap clflushopt clwb sha_ni xsaveopt xsavec xgetbv1 clzero xsaveerptr arat npt nrip_save umip rdpid

Online cpus: 0-7
Offline cpus: 
BIOS frequency limitation: <Not Available>
Frequency switch latency (ns): <Not Available>
Available cpu frequencies: <Not Available>
Current governor: <Not Available>
Core performance/turbo boost: <Not Available>

Memory: 4k page, physical 1048576k(435736k free), swap 0k(0k free)
Page Sizes: 4k

vm_info: OpenJDK 64-Bit Server VM (17.0.5+8-jvmci-22.3-b08) for linux-amd64 JRE (17.0.5+8-jvmci-22.3-b08), built on Oct 19 2022 09:01:27 by "buildslave" with gcc 10.3.0

END.
